#
# There is insufficient memory for the Java Runtime Environment to continue.
# Native memory allocation (mmap) failed to map 65536 bytes for Failed to commit metaspace.
# Possible reasons:
#   The system is out of physical RAM or swap space
#   The process is running with CompressedOops enabled, and the Java Heap may be blocking the growth of the native heap
# Possible solutions:
#   Reduce memory load on the system
#   Increase physical memory or swap space
#   Check if swap backing store is full
#   Decrease Java heap size (-Xmx/-Xms)
#   Decrease number of Java threads
#   Decrease Java thread stack sizes (-Xss)
#   Set larger code cache with -XX:ReservedCodeCacheSize=
#   JVM is running with Zero Based Compressed Oops mode in which the Java heap is
#     placed in the first 32GB address space. The Java Heap base address is the
#     maximum limit for the native heap growth. Please use -XX:HeapBaseMinAddress
#     to set the Java Heap base and to place the Java Heap above 32GB virtual address.
# This output file may be truncated or incomplete.
#
#  Out of Memory Error (virtualSpaceNode.cpp:110), pid=2364, tid=12120
#
# JRE version: Java(TM) SE Runtime Environment (17.0.4.1+1) (build 17.0.4.1+1-LTS-2)
# Java VM: Java HotSpot(TM) 64-Bit Server VM (17.0.4.1+1-LTS-2, mixed mode, emulated-client, sharing, tiered, compressed oops, compressed class ptrs, g1 gc, windows-amd64)
# No core dump will be written. Minidumps are not enabled by default on client versions of Windows
#

---------------  S U M M A R Y ------------

Command Line: -XX:TieredStopAtLevel=1 -Dspring.output.ansi.enabled=always -Dcom.sun.management.jmxremote -Dspring.jmx.enabled=true -Dspring.liveBeansView.mbeanDomain -Dspring.application.admin.enabled=true -Dmanagement.endpoints.jmx.exposure.include=* -javaagent:C:\Program Files\JetBrains\IntelliJ IDEA 2024.2.1\lib\idea_rt.jar=59758:C:\Program Files\JetBrains\IntelliJ IDEA 2024.2.1\bin -Dfile.encoding=UTF-8 com.learning.bank.BankApplication

Host: Intel(R) Core(TM) i7-8750H CPU @ 2.20GHz, 12 cores, 15G,  Windows 11 , 64 bit Build 22621 (10.0.22621.4391)
Time: Thu Nov 14 00:35:51 2024 Central Europe Standard Time elapsed time: 1.647389 seconds (0d 0h 0m 1s)

---------------  T H R E A D  ---------------

Current thread (0x00000110f4a272c0):  JavaThread "restartedMain" [_thread_in_vm, id=12120, stack(0x0000000c28f00000,0x0000000c29000000)]

Stack: [0x0000000c28f00000,0x0000000c29000000]
Native frames: (J=compiled Java code, j=interpreted, Vv=VM code, C=native code)
V  [jvm.dll+0x6723ba]
V  [jvm.dll+0x7d1e34]
V  [jvm.dll+0x7d35de]
V  [jvm.dll+0x7d3c43]
V  [jvm.dll+0x243065]
V  [jvm.dll+0x7cdddb]
V  [jvm.dll+0x618166]
V  [jvm.dll+0x1be94e]
V  [jvm.dll+0x61aaa1]
V  [jvm.dll+0x618b06]
V  [jvm.dll+0x622867]
V  [jvm.dll+0x1e846b]
V  [jvm.dll+0x1e89a5]
V  [jvm.dll+0x1e93df]
V  [jvm.dll+0x1de891]
V  [jvm.dll+0x538bb0]
V  [jvm.dll+0x74c978]
V  [jvm.dll+0x74ca64]
V  [jvm.dll+0x409485]
V  [jvm.dll+0x40f4d8]
C  [java.dll+0x17ec]

Java frames: (J=compiled Java code, j=interpreted, Vv=VM code)
J 1145  java.lang.ClassLoader.defineClass1(Ljava/lang/ClassLoader;Ljava/lang/String;[BIILjava/security/ProtectionDomain;Ljava/lang/String;)Ljava/lang/Class; java.base@17.0.4.1 (0 bytes) @ 0x00000110e43c9763 [0x00000110e43c96a0+0x00000000000000c3]
J 1284 c1 java.lang.ClassLoader.defineClass(Ljava/lang/String;[BIILjava/security/ProtectionDomain;)Ljava/lang/Class; java.base@17.0.4.1 (43 bytes) @ 0x00000110e440406c [0x00000110e4403f60+0x000000000000010c]
J 1148 c1 jdk.internal.loader.BuiltinClassLoader.defineClass(Ljava/lang/String;Ljdk/internal/loader/Resource;)Ljava/lang/Class; java.base@17.0.4.1 (121 bytes) @ 0x00000110e43d1274 [0x00000110e43d0da0+0x00000000000004d4]
J 1147 c1 jdk.internal.loader.BuiltinClassLoader.findClassOnClassPathOrNull(Ljava/lang/String;)Ljava/lang/Class; java.base@17.0.4.1 (64 bytes) @ 0x00000110e43cf5c4 [0x00000110e43cf300+0x00000000000002c4]
J 915 c1 jdk.internal.loader.BuiltinClassLoader.loadClassOrNull(Ljava/lang/String;Z)Ljava/lang/Class; java.base@17.0.4.1 (143 bytes) @ 0x00000110e4366684 [0x00000110e4366200+0x0000000000000484]
J 1051 c1 jdk.internal.loader.ClassLoaders$AppClassLoader.loadClass(Ljava/lang/String;Z)Ljava/lang/Class; java.base@17.0.4.1 (40 bytes) @ 0x00000110e43a6f2c [0x00000110e43a6de0+0x000000000000014c]
J 1050 c1 java.lang.ClassLoader.loadClass(Ljava/lang/String;)Ljava/lang/Class; java.base@17.0.4.1 (7 bytes) @ 0x00000110e43a6364 [0x00000110e43a6320+0x0000000000000044]
v  ~StubRoutines::call_stub
J 929  java.lang.Class.forName0(Ljava/lang/String;ZLjava/lang/ClassLoader;Ljava/lang/Class;)Ljava/lang/Class; java.base@17.0.4.1 (0 bytes) @ 0x00000110e436e4af [0x00000110e436e420+0x000000000000008f]
J 930 c1 java.lang.Class.forName(Ljava/lang/String;ZLjava/lang/ClassLoader;)Ljava/lang/Class; java.base@17.0.4.1 (47 bytes) @ 0x00000110e436ea3c [0x00000110e436e940+0x00000000000000fc]
j  org.springframework.boot.devtools.restart.classloader.RestartClassLoader.loadClass(Ljava/lang/String;Z)Ljava/lang/Class;+90
J 1050 c1 java.lang.ClassLoader.loadClass(Ljava/lang/String;)Ljava/lang/Class; java.base@17.0.4.1 (7 bytes) @ 0x00000110e43a6364 [0x00000110e43a6320+0x0000000000000044]
v  ~StubRoutines::call_stub
J 929  java.lang.Class.forName0(Ljava/lang/String;ZLjava/lang/ClassLoader;Ljava/lang/Class;)Ljava/lang/Class; java.base@17.0.4.1 (0 bytes) @ 0x00000110e436e4af [0x00000110e436e420+0x000000000000008f]
J 930 c1 java.lang.Class.forName(Ljava/lang/String;ZLjava/lang/ClassLoader;)Ljava/lang/Class; java.base@17.0.4.1 (47 bytes) @ 0x00000110e436ea3c [0x00000110e436e940+0x00000000000000fc]
j  org.springframework.boot.autoconfigure.condition.FilteringSpringBootCondition.resolve(Ljava/lang/String;Ljava/lang/ClassLoader;)Ljava/lang/Class;+7
j  org.springframework.boot.autoconfigure.condition.FilteringSpringBootCondition$ClassNameFilter.isPresent(Ljava/lang/String;Ljava/lang/ClassLoader;)Z+10
j  org.springframework.boot.autoconfigure.condition.FilteringSpringBootCondition$ClassNameFilter$2.matches(Ljava/lang/String;Ljava/lang/ClassLoader;)Z+2
j  org.springframework.boot.autoconfigure.condition.OnClassCondition$StandardOutcomesResolver.getOutcome(Ljava/lang/String;Ljava/lang/ClassLoader;)Lorg/springframework/boot/autoconfigure/condition/ConditionOutcome;+5
j  org.springframework.boot.autoconfigure.condition.OnClassCondition$StandardOutcomesResolver.getOutcome(Ljava/lang/String;)Lorg/springframework/boot/autoconfigure/condition/ConditionOutcome;+15
j  org.springframework.boot.autoconfigure.condition.OnClassCondition$StandardOutcomesResolver.getOutcomes([Ljava/lang/String;IILorg/springframework/boot/autoconfigure/AutoConfigurationMetadata;)[Lorg/springframework/boot/autoconfigure/condition/ConditionOutcome;+55
j  org.springframework.boot.autoconfigure.condition.OnClassCondition$StandardOutcomesResolver.resolveOutcomes()[Lorg/springframework/boot/autoconfigure/condition/ConditionOutcome;+17
j  org.springframework.boot.autoconfigure.condition.OnClassCondition.resolveOutcomesThreaded([Ljava/lang/String;Lorg/springframework/boot/autoconfigure/AutoConfigurationMetadata;)[Lorg/springframework/boot/autoconfigure/condition/ConditionOutcome;+35
j  org.springframework.boot.autoconfigure.condition.OnClassCondition.getOutcomes([Ljava/lang/String;Lorg/springframework/boot/autoconfigure/AutoConfigurationMetadata;)[Lorg/springframework/boot/autoconfigure/condition/ConditionOutcome;+19
j  org.springframework.boot.autoconfigure.condition.FilteringSpringBootCondition.match([Ljava/lang/String;Lorg/springframework/boot/autoconfigure/AutoConfigurationMetadata;)[Z+11
j  org.springframework.boot.autoconfigure.AutoConfigurationImportSelector$ConfigurationClassFilter.filter(Ljava/util/List;)Ljava/util/List;+54
j  org.springframework.boot.autoconfigure.AutoConfigurationImportSelector.getAutoConfigurationEntry(Lorg/springframework/core/type/AnnotationMetadata;)Lorg/springframework/boot/autoconfigure/AutoConfigurationImportSelector$AutoConfigurationEntry;+60
j  org.springframework.boot.autoconfigure.AutoConfigurationImportSelector$AutoConfigurationGroup.process(Lorg/springframework/core/type/AnnotationMetadata;Lorg/springframework/context/annotation/DeferredImportSelector;)V+18
j  org.springframework.context.annotation.ConfigurationClassParser$DeferredImportSelectorGrouping.getImports()Ljava/lang/Iterable;+44
j  org.springframework.context.annotation.ConfigurationClassParser$DeferredImportSelectorGroupingHandler.processGroupImports()V+40
j  org.springframework.context.annotation.ConfigurationClassParser$DeferredImportSelectorHandler.process()V+53
j  org.springframework.context.annotation.ConfigurationClassParser.parse(Ljava/util/Set;)V+158
j  org.springframework.context.annotation.ConfigurationClassPostProcessor.processConfigBeanDefinitions(Lorg/springframework/beans/factory/support/BeanDefinitionRegistry;)V+301
j  org.springframework.context.annotation.ConfigurationClassPostProcessor.postProcessBeanDefinitionRegistry(Lorg/springframework/beans/factory/support/BeanDefinitionRegistry;)V+81
j  org.springframework.context.support.PostProcessorRegistrationDelegate.invokeBeanDefinitionRegistryPostProcessors(Ljava/util/Collection;Lorg/springframework/beans/factory/support/BeanDefinitionRegistry;Lorg/springframework/core/metrics/ApplicationStartup;)V+59
j  org.springframework.context.support.PostProcessorRegistrationDelegate.invokeBeanFactoryPostProcessors(Lorg/springframework/beans/factory/config/ConfigurableListableBeanFactory;Ljava/util/List;)V+238
j  org.springframework.context.support.AbstractApplicationContext.invokeBeanFactoryPostProcessors(Lorg/springframework/beans/factory/config/ConfigurableListableBeanFactory;)V+5
j  org.springframework.context.support.AbstractApplicationContext.refresh()V+62
j  org.springframework.boot.web.servlet.context.ServletWebServerApplicationContext.refresh()V+1
j  org.springframework.boot.SpringApplication.refresh(Lorg/springframework/context/ConfigurableApplicationContext;)V+1
j  org.springframework.boot.SpringApplication.refreshContext(Lorg/springframework/context/ConfigurableApplicationContext;)V+16
j  org.springframework.boot.SpringApplication.run([Ljava/lang/String;)Lorg/springframework/context/ConfigurableApplicationContext;+110
j  org.springframework.boot.SpringApplication.run([Ljava/lang/Class;[Ljava/lang/String;)Lorg/springframework/context/ConfigurableApplicationContext;+9
j  org.springframework.boot.SpringApplication.run(Ljava/lang/Class;[Ljava/lang/String;)Lorg/springframework/context/ConfigurableApplicationContext;+9
j  com.learning.bank.BankApplication.main([Ljava/lang/String;)V+3
v  ~StubRoutines::call_stub
j  jdk.internal.reflect.NativeMethodAccessorImpl.invoke0(Ljava/lang/reflect/Method;Ljava/lang/Object;[Ljava/lang/Object;)Ljava/lang/Object;+0 java.base@17.0.4.1
j  jdk.internal.reflect.NativeMethodAccessorImpl.invoke(Ljava/lang/Object;[Ljava/lang/Object;)Ljava/lang/Object;+133 java.base@17.0.4.1
j  jdk.internal.reflect.DelegatingMethodAccessorImpl.invoke(Ljava/lang/Object;[Ljava/lang/Object;)Ljava/lang/Object;+6 java.base@17.0.4.1
j  java.lang.reflect.Method.invoke(Ljava/lang/Object;[Ljava/lang/Object;)Ljava/lang/Object;+59 java.base@17.0.4.1
j  org.springframework.boot.devtools.restart.RestartLauncher.run()V+47
v  ~StubRoutines::call_stub

---------------  P R O C E S S  ---------------

Threads class SMR info:
_java_thread_list=0x00000110f5f8c880, length=21, elements={
0x00000110dc7a71c0, 0x00000110f36ae640, 0x00000110f36af4b0, 0x00000110f4002090,
0x00000110f4002bb0, 0x00000110f4004d80, 0x00000110f4007b40, 0x00000110f40084f0,
0x00000110f40149e0, 0x00000110f36978d0, 0x00000110f3697f70, 0x00000110f40fbb80,
0x00000110f44913e0, 0x00000110f44918b0, 0x00000110f4625a00, 0x00000110f4a20cb0,
0x00000110f4a272c0, 0x00000110f4b63a00, 0x00000110f5c19a30, 0x00000110f5c7b930,
0x00000110f5f40190
}

Java Threads: ( => current thread )
  0x00000110dc7a71c0 JavaThread "main" [_thread_blocked, id=84, stack(0x0000000c27100000,0x0000000c27200000)]
  0x00000110f36ae640 JavaThread "Reference Handler" daemon [_thread_blocked, id=11500, stack(0x0000000c27800000,0x0000000c27900000)]
  0x00000110f36af4b0 JavaThread "Finalizer" daemon [_thread_blocked, id=23428, stack(0x0000000c27900000,0x0000000c27a00000)]
  0x00000110f4002090 JavaThread "Signal Dispatcher" daemon [_thread_blocked, id=20424, stack(0x0000000c27a00000,0x0000000c27b00000)]
  0x00000110f4002bb0 JavaThread "Attach Listener" daemon [_thread_blocked, id=22452, stack(0x0000000c27b00000,0x0000000c27c00000)]
  0x00000110f4004d80 JavaThread "Service Thread" daemon [_thread_blocked, id=4088, stack(0x0000000c27c00000,0x0000000c27d00000)]
  0x00000110f4007b40 JavaThread "Monitor Deflation Thread" daemon [_thread_blocked, id=17812, stack(0x0000000c27d00000,0x0000000c27e00000)]
  0x00000110f40084f0 JavaThread "C1 CompilerThread0" daemon [_thread_blocked, id=13136, stack(0x0000000c27e00000,0x0000000c27f00000)]
  0x00000110f40149e0 JavaThread "Sweeper thread" daemon [_thread_blocked, id=11732, stack(0x0000000c27f00000,0x0000000c28000000)]
  0x00000110f36978d0 JavaThread "Common-Cleaner" daemon [_thread_blocked, id=26144, stack(0x0000000c28000000,0x0000000c28100000)]
  0x00000110f3697f70 JavaThread "C1 CompilerThread1" daemon [_thread_blocked, id=20948, stack(0x0000000c28100000,0x0000000c28200000)]
  0x00000110f40fbb80 JavaThread "C1 CompilerThread2" daemon [_thread_blocked, id=2560, stack(0x0000000c28200000,0x0000000c28300000)]
  0x00000110f44913e0 JavaThread "Monitor Ctrl-Break" daemon [_thread_in_native, id=23776, stack(0x0000000c28300000,0x0000000c28400000)]
  0x00000110f44918b0 JavaThread "Notification Thread" daemon [_thread_blocked, id=18516, stack(0x0000000c28400000,0x0000000c28500000)]
  0x00000110f4625a00 JavaThread "RMI TCP Accept-0" daemon [_thread_in_native, id=12552, stack(0x0000000c28500000,0x0000000c28600000)]
  0x00000110f4a20cb0 JavaThread "Thread-0" [_thread_blocked, id=24920, stack(0x0000000c28e00000,0x0000000c28f00000)]
=>0x00000110f4a272c0 JavaThread "restartedMain" [_thread_in_vm, id=12120, stack(0x0000000c28f00000,0x0000000c29000000)]
  0x00000110f4b63a00 JavaThread "background-preinit" [_thread_in_vm, id=16764, stack(0x0000000c29200000,0x0000000c29300000)]
  0x00000110f5c19a30 JavaThread "RMI TCP Connection(1)-192.168.1.6" daemon [_thread_in_native, id=20688, stack(0x0000000c29300000,0x0000000c29400000)]
  0x00000110f5c7b930 JavaThread "RMI Scheduler(0)" daemon [_thread_blocked, id=1364, stack(0x0000000c29400000,0x0000000c29500000)]
  0x00000110f5f40190 JavaThread "C1 CompilerThread3" daemon [_thread_blocked, id=3492, stack(0x0000000c29500000,0x0000000c29600000)]

Other Threads:
  0x00000110f36a8a40 VMThread "VM Thread" [stack: 0x0000000c27700000,0x0000000c27800000] [id=21348]
  0x00000110f4636b40 WatcherThread [stack: 0x0000000c28600000,0x0000000c28700000] [id=24628]
  0x00000110da6fe7f0 GCTaskThread "GC Thread#0" [stack: 0x0000000c27200000,0x0000000c27300000] [id=13656]
  0x00000110f49c1030 GCTaskThread "GC Thread#1" [stack: 0x0000000c28700000,0x0000000c28800000] [id=11232]
  0x00000110f49c1ec0 GCTaskThread "GC Thread#2" [stack: 0x0000000c28800000,0x0000000c28900000] [id=19896]
  0x00000110f49c2170 GCTaskThread "GC Thread#3" [stack: 0x0000000c28900000,0x0000000c28a00000] [id=11628]
  0x00000110f49d04c0 GCTaskThread "GC Thread#4" [stack: 0x0000000c28a00000,0x0000000c28b00000] [id=24008]
  0x00000110f49d0770 GCTaskThread "GC Thread#5" [stack: 0x0000000c28b00000,0x0000000c28c00000] [id=20416]
  0x00000110f4a0c2f0 GCTaskThread "GC Thread#6" [stack: 0x0000000c28c00000,0x0000000c28d00000] [id=26040]
  0x00000110f4b80720 GCTaskThread "GC Thread#7" [stack: 0x0000000c29000000,0x0000000c29100000] [id=23376]
  0x00000110f4ba18f0 GCTaskThread "GC Thread#8" [stack: 0x0000000c29100000,0x0000000c29200000] [id=9144]
  0x00000110dc81fdb0 ConcurrentGCThread "G1 Main Marker" [stack: 0x0000000c27300000,0x0000000c27400000] [id=8364]
  0x00000110dc8216e0 ConcurrentGCThread "G1 Conc#0" [stack: 0x0000000c27400000,0x0000000c27500000] [id=24836]
  0x00000110dc85e7a0 ConcurrentGCThread "G1 Refine#0" [stack: 0x0000000c27500000,0x0000000c27600000] [id=15796]
  0x00000110f49d16b0 ConcurrentGCThread "G1 Refine#1" [stack: 0x0000000c28d00000,0x0000000c28e00000] [id=7812]
  0x00000110f3566410 ConcurrentGCThread "G1 Service" [stack: 0x0000000c27600000,0x0000000c27700000] [id=12596]

Threads with active compile tasks:

VM state: not at safepoint (normal execution)

VM Mutex/Monitor currently owned by a thread:  ([mutex/lock_event])
[0x00000110dc7a26f0] Metaspace_lock - owner thread: 0x00000110f4a272c0

Heap address: 0x0000000703200000, size: 4046 MB, Compressed Oops mode: Zero based, Oop shift amount: 3

CDS archive(s) mapped at: [0x0000000800000000-0x0000000800bc0000-0x0000000800bc0000), size 12320768, SharedBaseAddress: 0x0000000800000000, ArchiveRelocationMode: 0.
Compressed class space mapped at: 0x0000000800c00000-0x0000000840c00000, reserved size: 1073741824
Narrow klass base: 0x0000000800000000, Narrow klass shift: 0, Narrow klass range: 0x100000000

GC Precious Log:
 CPUs: 12 total, 12 available
 Memory: 16178M
 Large Page Support: Disabled
 NUMA Support: Disabled
 Compressed Oops: Enabled (Zero based)
 Heap Region Size: 2M
 Heap Min Capacity: 8M
 Heap Initial Capacity: 254M
 Heap Max Capacity: 4046M
 Pre-touch: Disabled
 Parallel Workers: 10
 Concurrent Workers: 3
 Concurrent Refinement Workers: 10
 Periodic GC: Disabled

Heap:
 garbage-first heap   total 260096K, used 54679K [0x0000000703200000, 0x0000000800000000)
  region size 2048K, 24 young (49152K), 1 survivors (2048K)
 Metaspace       used 19445K, committed 19712K, reserved 1073152K
  class space    used 2652K, committed 2816K, reserved 1048576K

Heap Regions: E=young(eden), S=young(survivor), O=old, HS=humongous(starts), HC=humongous(continues), CS=collection set, F=free, OA=open archive, CA=closed archive, TAMS=top-at-mark-start (previous, next)
|   0|0x0000000703200000, 0x0000000703400000, 0x0000000703400000|100%| O|  |TAMS 0x0000000703200000, 0x0000000703200000| Untracked 
|   1|0x0000000703400000, 0x0000000703600000, 0x0000000703600000|100%| O|  |TAMS 0x0000000703400000, 0x0000000703400000| Untracked 
|   2|0x0000000703600000, 0x0000000703800000, 0x0000000703800000|100%| O|  |TAMS 0x0000000703600000, 0x0000000703600000| Untracked 
|   3|0x0000000703800000, 0x00000007039dec08, 0x0000000703a00000| 93%| O|  |TAMS 0x0000000703800000, 0x0000000703800000| Untracked 
|   4|0x0000000703a00000, 0x0000000703a00000, 0x0000000703c00000|  0%| F|  |TAMS 0x0000000703a00000, 0x0000000703a00000| Untracked 
|   5|0x0000000703c00000, 0x0000000703c00000, 0x0000000703e00000|  0%| F|  |TAMS 0x0000000703c00000, 0x0000000703c00000| Untracked 
|   6|0x0000000703e00000, 0x0000000703e00000, 0x0000000704000000|  0%| F|  |TAMS 0x0000000703e00000, 0x0000000703e00000| Untracked 
|   7|0x0000000704000000, 0x0000000704000000, 0x0000000704200000|  0%| F|  |TAMS 0x0000000704000000, 0x0000000704000000| Untracked 
|   8|0x0000000704200000, 0x0000000704200000, 0x0000000704400000|  0%| F|  |TAMS 0x0000000704200000, 0x0000000704200000| Untracked 
|   9|0x0000000704400000, 0x0000000704400000, 0x0000000704600000|  0%| F|  |TAMS 0x0000000704400000, 0x0000000704400000| Untracked 
|  10|0x0000000704600000, 0x0000000704600000, 0x0000000704800000|  0%| F|  |TAMS 0x0000000704600000, 0x0000000704600000| Untracked 
|  11|0x0000000704800000, 0x0000000704800000, 0x0000000704a00000|  0%| F|  |TAMS 0x0000000704800000, 0x0000000704800000| Untracked 
|  12|0x0000000704a00000, 0x0000000704a00000, 0x0000000704c00000|  0%| F|  |TAMS 0x0000000704a00000, 0x0000000704a00000| Untracked 
|  13|0x0000000704c00000, 0x0000000704c00000, 0x0000000704e00000|  0%| F|  |TAMS 0x0000000704c00000, 0x0000000704c00000| Untracked 
|  14|0x0000000704e00000, 0x0000000704e00000, 0x0000000705000000|  0%| F|  |TAMS 0x0000000704e00000, 0x0000000704e00000| Untracked 
|  15|0x0000000705000000, 0x0000000705000000, 0x0000000705200000|  0%| F|  |TAMS 0x0000000705000000, 0x0000000705000000| Untracked 
|  16|0x0000000705200000, 0x0000000705200000, 0x0000000705400000|  0%| F|  |TAMS 0x0000000705200000, 0x0000000705200000| Untracked 
|  17|0x0000000705400000, 0x0000000705400000, 0x0000000705600000|  0%| F|  |TAMS 0x0000000705400000, 0x0000000705400000| Untracked 
|  18|0x0000000705600000, 0x0000000705600000, 0x0000000705800000|  0%| F|  |TAMS 0x0000000705600000, 0x0000000705600000| Untracked 
|  19|0x0000000705800000, 0x0000000705800000, 0x0000000705a00000|  0%| F|  |TAMS 0x0000000705800000, 0x0000000705800000| Untracked 
|  20|0x0000000705a00000, 0x0000000705a00000, 0x0000000705c00000|  0%| F|  |TAMS 0x0000000705a00000, 0x0000000705a00000| Untracked 
|  21|0x0000000705c00000, 0x0000000705c00000, 0x0000000705e00000|  0%| F|  |TAMS 0x0000000705c00000, 0x0000000705c00000| Untracked 
|  22|0x0000000705e00000, 0x0000000705e00000, 0x0000000706000000|  0%| F|  |TAMS 0x0000000705e00000, 0x0000000705e00000| Untracked 
|  23|0x0000000706000000, 0x0000000706000000, 0x0000000706200000|  0%| F|  |TAMS 0x0000000706000000, 0x0000000706000000| Untracked 
|  24|0x0000000706200000, 0x0000000706200000, 0x0000000706400000|  0%| F|  |TAMS 0x0000000706200000, 0x0000000706200000| Untracked 
|  25|0x0000000706400000, 0x0000000706400000, 0x0000000706600000|  0%| F|  |TAMS 0x0000000706400000, 0x0000000706400000| Untracked 
|  26|0x0000000706600000, 0x0000000706600000, 0x0000000706800000|  0%| F|  |TAMS 0x0000000706600000, 0x0000000706600000| Untracked 
|  27|0x0000000706800000, 0x0000000706800000, 0x0000000706a00000|  0%| F|  |TAMS 0x0000000706800000, 0x0000000706800000| Untracked 
|  28|0x0000000706a00000, 0x0000000706a00000, 0x0000000706c00000|  0%| F|  |TAMS 0x0000000706a00000, 0x0000000706a00000| Untracked 
|  29|0x0000000706c00000, 0x0000000706c00000, 0x0000000706e00000|  0%| F|  |TAMS 0x0000000706c00000, 0x0000000706c00000| Untracked 
|  30|0x0000000706e00000, 0x0000000706e00000, 0x0000000707000000|  0%| F|  |TAMS 0x0000000706e00000, 0x0000000706e00000| Untracked 
|  31|0x0000000707000000, 0x0000000707000000, 0x0000000707200000|  0%| F|  |TAMS 0x0000000707000000, 0x0000000707000000| Untracked 
|  32|0x0000000707200000, 0x0000000707200000, 0x0000000707400000|  0%| F|  |TAMS 0x0000000707200000, 0x0000000707200000| Untracked 
|  33|0x0000000707400000, 0x0000000707400000, 0x0000000707600000|  0%| F|  |TAMS 0x0000000707400000, 0x0000000707400000| Untracked 
|  34|0x0000000707600000, 0x0000000707600000, 0x0000000707800000|  0%| F|  |TAMS 0x0000000707600000, 0x0000000707600000| Untracked 
|  35|0x0000000707800000, 0x0000000707800000, 0x0000000707a00000|  0%| F|  |TAMS 0x0000000707800000, 0x0000000707800000| Untracked 
|  36|0x0000000707a00000, 0x0000000707a00000, 0x0000000707c00000|  0%| F|  |TAMS 0x0000000707a00000, 0x0000000707a00000| Untracked 
|  37|0x0000000707c00000, 0x0000000707c00000, 0x0000000707e00000|  0%| F|  |TAMS 0x0000000707c00000, 0x0000000707c00000| Untracked 
|  38|0x0000000707e00000, 0x0000000707e00000, 0x0000000708000000|  0%| F|  |TAMS 0x0000000707e00000, 0x0000000707e00000| Untracked 
|  39|0x0000000708000000, 0x0000000708000000, 0x0000000708200000|  0%| F|  |TAMS 0x0000000708000000, 0x0000000708000000| Untracked 
|  40|0x0000000708200000, 0x0000000708200000, 0x0000000708400000|  0%| F|  |TAMS 0x0000000708200000, 0x0000000708200000| Untracked 
|  41|0x0000000708400000, 0x0000000708400000, 0x0000000708600000|  0%| F|  |TAMS 0x0000000708400000, 0x0000000708400000| Untracked 
|  42|0x0000000708600000, 0x0000000708600000, 0x0000000708800000|  0%| F|  |TAMS 0x0000000708600000, 0x0000000708600000| Untracked 
|  43|0x0000000708800000, 0x0000000708800000, 0x0000000708a00000|  0%| F|  |TAMS 0x0000000708800000, 0x0000000708800000| Untracked 
|  44|0x0000000708a00000, 0x0000000708a00000, 0x0000000708c00000|  0%| F|  |TAMS 0x0000000708a00000, 0x0000000708a00000| Untracked 
|  45|0x0000000708c00000, 0x0000000708c00000, 0x0000000708e00000|  0%| F|  |TAMS 0x0000000708c00000, 0x0000000708c00000| Untracked 
|  46|0x0000000708e00000, 0x0000000708e00000, 0x0000000709000000|  0%| F|  |TAMS 0x0000000708e00000, 0x0000000708e00000| Untracked 
|  47|0x0000000709000000, 0x0000000709000000, 0x0000000709200000|  0%| F|  |TAMS 0x0000000709000000, 0x0000000709000000| Untracked 
|  48|0x0000000709200000, 0x0000000709200000, 0x0000000709400000|  0%| F|  |TAMS 0x0000000709200000, 0x0000000709200000| Untracked 
|  49|0x0000000709400000, 0x0000000709400000, 0x0000000709600000|  0%| F|  |TAMS 0x0000000709400000, 0x0000000709400000| Untracked 
|  50|0x0000000709600000, 0x0000000709600000, 0x0000000709800000|  0%| F|  |TAMS 0x0000000709600000, 0x0000000709600000| Untracked 
|  51|0x0000000709800000, 0x0000000709800000, 0x0000000709a00000|  0%| F|  |TAMS 0x0000000709800000, 0x0000000709800000| Untracked 
|  52|0x0000000709a00000, 0x0000000709a00000, 0x0000000709c00000|  0%| F|  |TAMS 0x0000000709a00000, 0x0000000709a00000| Untracked 
|  53|0x0000000709c00000, 0x0000000709c00000, 0x0000000709e00000|  0%| F|  |TAMS 0x0000000709c00000, 0x0000000709c00000| Untracked 
|  54|0x0000000709e00000, 0x0000000709e00000, 0x000000070a000000|  0%| F|  |TAMS 0x0000000709e00000, 0x0000000709e00000| Untracked 
|  55|0x000000070a000000, 0x000000070a000000, 0x000000070a200000|  0%| F|  |TAMS 0x000000070a000000, 0x000000070a000000| Untracked 
|  56|0x000000070a200000, 0x000000070a200000, 0x000000070a400000|  0%| F|  |TAMS 0x000000070a200000, 0x000000070a200000| Untracked 
|  57|0x000000070a400000, 0x000000070a400000, 0x000000070a600000|  0%| F|  |TAMS 0x000000070a400000, 0x000000070a400000| Untracked 
|  58|0x000000070a600000, 0x000000070a600000, 0x000000070a800000|  0%| F|  |TAMS 0x000000070a600000, 0x000000070a600000| Untracked 
|  59|0x000000070a800000, 0x000000070a800000, 0x000000070aa00000|  0%| F|  |TAMS 0x000000070a800000, 0x000000070a800000| Untracked 
|  60|0x000000070aa00000, 0x000000070aa00000, 0x000000070ac00000|  0%| F|  |TAMS 0x000000070aa00000, 0x000000070aa00000| Untracked 
|  61|0x000000070ac00000, 0x000000070ac00000, 0x000000070ae00000|  0%| F|  |TAMS 0x000000070ac00000, 0x000000070ac00000| Untracked 
|  62|0x000000070ae00000, 0x000000070ae00000, 0x000000070b000000|  0%| F|  |TAMS 0x000000070ae00000, 0x000000070ae00000| Untracked 
|  63|0x000000070b000000, 0x000000070b000000, 0x000000070b200000|  0%| F|  |TAMS 0x000000070b000000, 0x000000070b000000| Untracked 
|  64|0x000000070b200000, 0x000000070b200000, 0x000000070b400000|  0%| F|  |TAMS 0x000000070b200000, 0x000000070b200000| Untracked 
|  65|0x000000070b400000, 0x000000070b400000, 0x000000070b600000|  0%| F|  |TAMS 0x000000070b400000, 0x000000070b400000| Untracked 
|  66|0x000000070b600000, 0x000000070b600000, 0x000000070b800000|  0%| F|  |TAMS 0x000000070b600000, 0x000000070b600000| Untracked 
|  67|0x000000070b800000, 0x000000070b800000, 0x000000070ba00000|  0%| F|  |TAMS 0x000000070b800000, 0x000000070b800000| Untracked 
|  68|0x000000070ba00000, 0x000000070ba00000, 0x000000070bc00000|  0%| F|  |TAMS 0x000000070ba00000, 0x000000070ba00000| Untracked 
|  69|0x000000070bc00000, 0x000000070bc00000, 0x000000070be00000|  0%| F|  |TAMS 0x000000070bc00000, 0x000000070bc00000| Untracked 
|  70|0x000000070be00000, 0x000000070be00000, 0x000000070c000000|  0%| F|  |TAMS 0x000000070be00000, 0x000000070be00000| Untracked 
|  71|0x000000070c000000, 0x000000070c000000, 0x000000070c200000|  0%| F|  |TAMS 0x000000070c000000, 0x000000070c000000| Untracked 
|  72|0x000000070c200000, 0x000000070c200000, 0x000000070c400000|  0%| F|  |TAMS 0x000000070c200000, 0x000000070c200000| Untracked 
|  73|0x000000070c400000, 0x000000070c400000, 0x000000070c600000|  0%| F|  |TAMS 0x000000070c400000, 0x000000070c400000| Untracked 
|  74|0x000000070c600000, 0x000000070c600000, 0x000000070c800000|  0%| F|  |TAMS 0x000000070c600000, 0x000000070c600000| Untracked 
|  75|0x000000070c800000, 0x000000070c800000, 0x000000070ca00000|  0%| F|  |TAMS 0x000000070c800000, 0x000000070c800000| Untracked 
|  76|0x000000070ca00000, 0x000000070ca00000, 0x000000070cc00000|  0%| F|  |TAMS 0x000000070ca00000, 0x000000070ca00000| Untracked 
|  77|0x000000070cc00000, 0x000000070cc00000, 0x000000070ce00000|  0%| F|  |TAMS 0x000000070cc00000, 0x000000070cc00000| Untracked 
|  78|0x000000070ce00000, 0x000000070ce00000, 0x000000070d000000|  0%| F|  |TAMS 0x000000070ce00000, 0x000000070ce00000| Untracked 
|  79|0x000000070d000000, 0x000000070d000000, 0x000000070d200000|  0%| F|  |TAMS 0x000000070d000000, 0x000000070d000000| Untracked 
|  80|0x000000070d200000, 0x000000070d200000, 0x000000070d400000|  0%| F|  |TAMS 0x000000070d200000, 0x000000070d200000| Untracked 
|  81|0x000000070d400000, 0x000000070d400000, 0x000000070d600000|  0%| F|  |TAMS 0x000000070d400000, 0x000000070d400000| Untracked 
|  82|0x000000070d600000, 0x000000070d600000, 0x000000070d800000|  0%| F|  |TAMS 0x000000070d600000, 0x000000070d600000| Untracked 
|  83|0x000000070d800000, 0x000000070d800000, 0x000000070da00000|  0%| F|  |TAMS 0x000000070d800000, 0x000000070d800000| Untracked 
|  84|0x000000070da00000, 0x000000070da00000, 0x000000070dc00000|  0%| F|  |TAMS 0x000000070da00000, 0x000000070da00000| Untracked 
|  85|0x000000070dc00000, 0x000000070dc00000, 0x000000070de00000|  0%| F|  |TAMS 0x000000070dc00000, 0x000000070dc00000| Untracked 
|  86|0x000000070de00000, 0x000000070de00000, 0x000000070e000000|  0%| F|  |TAMS 0x000000070de00000, 0x000000070de00000| Untracked 
|  87|0x000000070e000000, 0x000000070e000000, 0x000000070e200000|  0%| F|  |TAMS 0x000000070e000000, 0x000000070e000000| Untracked 
|  88|0x000000070e200000, 0x000000070e200000, 0x000000070e400000|  0%| F|  |TAMS 0x000000070e200000, 0x000000070e200000| Untracked 
|  89|0x000000070e400000, 0x000000070e400000, 0x000000070e600000|  0%| F|  |TAMS 0x000000070e400000, 0x000000070e400000| Untracked 
|  90|0x000000070e600000, 0x000000070e600000, 0x000000070e800000|  0%| F|  |TAMS 0x000000070e600000, 0x000000070e600000| Untracked 
|  91|0x000000070e800000, 0x000000070e800000, 0x000000070ea00000|  0%| F|  |TAMS 0x000000070e800000, 0x000000070e800000| Untracked 
|  92|0x000000070ea00000, 0x000000070ea00000, 0x000000070ec00000|  0%| F|  |TAMS 0x000000070ea00000, 0x000000070ea00000| Untracked 
|  93|0x000000070ec00000, 0x000000070ec00000, 0x000000070ee00000|  0%| F|  |TAMS 0x000000070ec00000, 0x000000070ec00000| Untracked 
|  94|0x000000070ee00000, 0x000000070ee00000, 0x000000070f000000|  0%| F|  |TAMS 0x000000070ee00000, 0x000000070ee00000| Untracked 
|  95|0x000000070f000000, 0x000000070f000000, 0x000000070f200000|  0%| F|  |TAMS 0x000000070f000000, 0x000000070f000000| Untracked 
|  96|0x000000070f200000, 0x000000070f200000, 0x000000070f400000|  0%| F|  |TAMS 0x000000070f200000, 0x000000070f200000| Untracked 
|  97|0x000000070f400000, 0x000000070f400000, 0x000000070f600000|  0%| F|  |TAMS 0x000000070f400000, 0x000000070f400000| Untracked 
|  98|0x000000070f600000, 0x000000070f600000, 0x000000070f800000|  0%| F|  |TAMS 0x000000070f600000, 0x000000070f600000| Untracked 
|  99|0x000000070f800000, 0x000000070f800000, 0x000000070fa00000|  0%| F|  |TAMS 0x000000070f800000, 0x000000070f800000| Untracked 
| 100|0x000000070fa00000, 0x000000070fa00000, 0x000000070fc00000|  0%| F|  |TAMS 0x000000070fa00000, 0x000000070fa00000| Untracked 
| 101|0x000000070fc00000, 0x000000070fc00000, 0x000000070fe00000|  0%| F|  |TAMS 0x000000070fc00000, 0x000000070fc00000| Untracked 
| 102|0x000000070fe00000, 0x000000070fe00000, 0x0000000710000000|  0%| F|  |TAMS 0x000000070fe00000, 0x000000070fe00000| Untracked 
| 103|0x0000000710000000, 0x000000071016ed30, 0x0000000710200000| 71%| E|  |TAMS 0x0000000710000000, 0x0000000710000000| Complete 
| 104|0x0000000710200000, 0x0000000710400000, 0x0000000710400000|100%| E|CS|TAMS 0x0000000710200000, 0x0000000710200000| Complete 
| 105|0x0000000710400000, 0x0000000710600000, 0x0000000710600000|100%| E|CS|TAMS 0x0000000710400000, 0x0000000710400000| Complete 
| 106|0x0000000710600000, 0x0000000710800000, 0x0000000710800000|100%| E|CS|TAMS 0x0000000710600000, 0x0000000710600000| Complete 
| 107|0x0000000710800000, 0x0000000710a00000, 0x0000000710a00000|100%| E|CS|TAMS 0x0000000710800000, 0x0000000710800000| Complete 
| 108|0x0000000710a00000, 0x0000000710c00000, 0x0000000710c00000|100%| E|CS|TAMS 0x0000000710a00000, 0x0000000710a00000| Complete 
| 109|0x0000000710c00000, 0x0000000710e00000, 0x0000000710e00000|100%| E|CS|TAMS 0x0000000710c00000, 0x0000000710c00000| Complete 
| 110|0x0000000710e00000, 0x0000000711000000, 0x0000000711000000|100%| E|CS|TAMS 0x0000000710e00000, 0x0000000710e00000| Complete 
| 111|0x0000000711000000, 0x0000000711200000, 0x0000000711200000|100%| E|CS|TAMS 0x0000000711000000, 0x0000000711000000| Complete 
| 112|0x0000000711200000, 0x0000000711400000, 0x0000000711400000|100%| E|CS|TAMS 0x0000000711200000, 0x0000000711200000| Complete 
| 113|0x0000000711400000, 0x0000000711600000, 0x0000000711600000|100%| E|CS|TAMS 0x0000000711400000, 0x0000000711400000| Complete 
| 114|0x0000000711600000, 0x0000000711800000, 0x0000000711800000|100%| E|CS|TAMS 0x0000000711600000, 0x0000000711600000| Complete 
| 115|0x0000000711800000, 0x0000000711a00000, 0x0000000711a00000|100%| E|CS|TAMS 0x0000000711800000, 0x0000000711800000| Complete 
| 116|0x0000000711a00000, 0x0000000711b87248, 0x0000000711c00000| 76%| S|CS|TAMS 0x0000000711a00000, 0x0000000711a00000| Complete 
| 117|0x0000000711c00000, 0x0000000711e00000, 0x0000000711e00000|100%| E|CS|TAMS 0x0000000711c00000, 0x0000000711c00000| Complete 
| 118|0x0000000711e00000, 0x0000000712000000, 0x0000000712000000|100%| E|CS|TAMS 0x0000000711e00000, 0x0000000711e00000| Complete 
| 119|0x0000000712000000, 0x0000000712200000, 0x0000000712200000|100%| E|CS|TAMS 0x0000000712000000, 0x0000000712000000| Complete 
| 120|0x0000000712200000, 0x0000000712400000, 0x0000000712400000|100%| E|CS|TAMS 0x0000000712200000, 0x0000000712200000| Complete 
| 121|0x0000000712400000, 0x0000000712600000, 0x0000000712600000|100%| E|CS|TAMS 0x0000000712400000, 0x0000000712400000| Complete 
| 122|0x0000000712600000, 0x0000000712800000, 0x0000000712800000|100%| E|CS|TAMS 0x0000000712600000, 0x0000000712600000| Complete 
| 123|0x0000000712800000, 0x0000000712a00000, 0x0000000712a00000|100%| E|CS|TAMS 0x0000000712800000, 0x0000000712800000| Complete 
| 124|0x0000000712a00000, 0x0000000712c00000, 0x0000000712c00000|100%| E|CS|TAMS 0x0000000712a00000, 0x0000000712a00000| Complete 
| 125|0x0000000712c00000, 0x0000000712e00000, 0x0000000712e00000|100%| E|CS|TAMS 0x0000000712c00000, 0x0000000712c00000| Complete 
| 126|0x0000000712e00000, 0x0000000713000000, 0x0000000713000000|100%| E|CS|TAMS 0x0000000712e00000, 0x0000000712e00000| Complete 

Card table byte_map: [0x00000110e7b30000,0x00000110e8320000] _byte_map_base: 0x00000110e4317000

Marking Bits (Prev, Next): (CMBitMap*) 0x00000110dc80f7b0, (CMBitMap*) 0x00000110dc80f7f0
 Prev Bits: [0x00000110e8b10000, 0x00000110eca48000)
 Next Bits: [0x00000110eca50000, 0x00000110f0988000)

Polling page: 0x00000110dbf60000

Metaspace:

Usage:
  Non-class:     16.40 MB used.
      Class:      2.59 MB used.
       Both:     18.99 MB used.

Virtual space:
  Non-class space:       24.00 MB reserved,      16.50 MB ( 69%) committed,  3 nodes.
      Class space:        1.00 GB reserved,       2.75 MB ( <1%) committed,  1 nodes.
             Both:        1.02 GB reserved,      19.25 MB (  2%) committed. 

Chunk freelists:
   Non-Class:  3.36 MB
       Class:  1.20 MB
        Both:  4.56 MB

MaxMetaspaceSize: unlimited
CompressedClassSpaceSize: 1.00 GB
Initial GC threshold: 21.00 MB
Current GC threshold: 21.00 MB
CDS: on
MetaspaceReclaimPolicy: balanced
 - commit_granule_bytes: 65536.
 - commit_granule_words: 8192.
 - virtual_space_node_default_size: 1048576.
 - enlarge_chunks_in_place: 1.
 - new_chunks_are_fully_committed: 0.
 - uncommit_free_chunks: 1.
 - use_allocation_guard: 0.
 - handle_deallocations: 1.


Internal statistics:

num_allocs_failed_limit: 0.
num_arena_births: 302.
num_arena_deaths: 0.
num_vsnodes_births: 4.
num_vsnodes_deaths: 0.
num_space_committed: 308.
num_space_uncommitted: 0.
num_chunks_returned_to_freelist: 0.
num_chunks_taken_from_freelist: 904.
num_chunk_merges: 0.
num_chunk_splits: 598.
num_chunks_enlarged: 450.
num_purges: 0.
num_inconsistent_stats: 0.

CodeCache: size=49152Kb used=6365Kb max_used=6365Kb free=42786Kb
 bounds [0x00000110e4000000, 0x00000110e4640000, 0x00000110e7000000]
 total_blobs=2844 nmethods=2330 adapters=438
 compilation: enabled
              stopped_count=0, restarted_count=0
 full_count=0

Compilation events (20 events):
Event: 1.601 Thread 0x00000110f40fbb80 nmethod 2319 0x00000110e462f410 code [0x00000110e462f5a0, 0x00000110e462f688]
Event: 1.602 Thread 0x00000110f40fbb80 2322       1       java.lang.Package$VersionInfo::<init> (44 bytes)
Event: 1.602 Thread 0x00000110f3697f70 nmethod 2320 0x00000110e462f710 code [0x00000110e462f8c0, 0x00000110e462fa38]
Event: 1.602 Thread 0x00000110f40084f0 nmethod 2321 0x00000110e4631090 code [0x00000110e4631240, 0x00000110e4631428]
Event: 1.603 Thread 0x00000110f40fbb80 nmethod 2322 0x00000110e4631590 code [0x00000110e4631740, 0x00000110e4631ad8]
Event: 1.603 Thread 0x00000110f5f40190 nmethod 2314 0x00000110e462fb10 code [0x00000110e462fda0, 0x00000110e4630948]
Event: 1.605 Thread 0x00000110f5f40190 2323       1       java.lang.Character::isJavaIdentifierPart (5 bytes)
Event: 1.605 Thread 0x00000110f5f40190 nmethod 2323 0x00000110e4631b90 code [0x00000110e4631d40, 0x00000110e4631e38]
Event: 1.616 Thread 0x00000110f40084f0 2324       1       org.springframework.util.StringUtils::delimitedListToStringArray (7 bytes)
Event: 1.617 Thread 0x00000110f40084f0 nmethod 2324 0x00000110e4632210 code [0x00000110e46323a0, 0x00000110e4632468]
Event: 1.619 Thread 0x00000110f5f40190 2325       1       java.lang.invoke.LambdaForm$MH/0x0000000800c03c00::invoke (94 bytes)
Event: 1.619 Thread 0x00000110f5f40190 nmethod 2325 0x00000110e4632810 code [0x00000110e4632a00, 0x00000110e4632d38]
Event: 1.621 Thread 0x00000110f40fbb80 2326       1       org.springframework.boot.devtools.restart.classloader.ClassLoaderFiles::getFile (54 bytes)
Event: 1.621 Thread 0x00000110f40fbb80 nmethod 2326 0x00000110e4633010 code [0x00000110e4633200, 0x00000110e4633488]
Event: 1.628 Thread 0x00000110f3697f70 2327       1       java.lang.invoke.LambdaForm$MH/0x0000000800c07800::invoke (148 bytes)
Event: 1.628 Thread 0x00000110f3697f70 nmethod 2327 0x00000110e4633910 code [0x00000110e4633b40, 0x00000110e4633fa8]
Event: 1.629 Thread 0x00000110f40fbb80 2328       1       java.lang.ClassLoader::getParent (32 bytes)
Event: 1.630 Thread 0x00000110f40fbb80 nmethod 2328 0x00000110e4634a10 code [0x00000110e4634bc0, 0x00000110e4634e38]
Event: 1.635 Thread 0x00000110f40fbb80 2330       1       java.util.zip.ZipEntry::setExtra0 (493 bytes)
Event: 1.641 Thread 0x00000110f40fbb80 nmethod 2330 0x00000110e4635410 code [0x00000110e4635660, 0x00000110e4636f08]

GC Heap History (4 events):
Event: 0.757 GC heap before
{Heap before GC invocations=0 (full 0):
 garbage-first heap   total 260096K, used 20480K [0x0000000703200000, 0x0000000800000000)
  region size 2048K, 11 young (22528K), 0 survivors (0K)
 Metaspace       used 6828K, committed 7040K, reserved 1056768K
  class space    used 864K, committed 960K, reserved 1048576K
}
Event: 0.763 GC heap after
{Heap after GC invocations=1 (full 0):
 garbage-first heap   total 260096K, used 7361K [0x0000000703200000, 0x0000000800000000)
  region size 2048K, 2 young (4096K), 2 survivors (4096K)
 Metaspace       used 6828K, committed 7040K, reserved 1056768K
  class space    used 864K, committed 960K, reserved 1048576K
}
Event: 1.131 GC heap before
{Heap before GC invocations=1 (full 0):
 garbage-first heap   total 260096K, used 27841K [0x0000000703200000, 0x0000000800000000)
  region size 2048K, 12 young (24576K), 2 survivors (4096K)
 Metaspace       used 10220K, committed 10496K, reserved 1064960K
  class space    used 1392K, committed 1536K, reserved 1048576K
}
Event: 1.136 GC heap after
{Heap after GC invocations=2 (full 0):
 garbage-first heap   total 260096K, used 9623K [0x0000000703200000, 0x0000000800000000)
  region size 2048K, 1 young (2048K), 1 survivors (2048K)
 Metaspace       used 10220K, committed 10496K, reserved 1064960K
  class space    used 1392K, committed 1536K, reserved 1048576K
}

Deoptimization events (4 events):
Event: 1.339 Thread 0x00000110f4a272c0 DEOPT PACKING pc=0x00000110e451e979 sp=0x0000000c28ffc690
Event: 1.339 Thread 0x00000110f4a272c0 DEOPT UNPACKING pc=0x00000110e4052b43 sp=0x0000000c28ffbb70 mode 3
Event: 1.507 Thread 0x00000110f4a272c0 DEOPT PACKING pc=0x00000110e455f655 sp=0x0000000c28ffcb90
Event: 1.507 Thread 0x00000110f4a272c0 DEOPT UNPACKING pc=0x00000110e4052b43 sp=0x0000000c28ffc038 mode 3

Classes unloaded (0 events):
No events

Classes redefined (0 events):
No events

Internal exceptions (20 events):
Event: 1.023 Thread 0x00000110f4a272c0 Exception <a 'java/lang/NoSuchMethodError'{0x00000007121c1c18}: 'int java.lang.invoke.DirectMethodHandle$Holder.invokeSpecialIFC(java.lang.Object, java.lang.Object, java.lang.Object, java.lang.Object)'> (0x00000007121c1c18) 
thrown [s\open\src\hotspot\share\interpreter\linkResolver.cpp, line 759]
Event: 1.044 Thread 0x00000110f4a272c0 Exception <a 'java/lang/NoSuchMethodError'{0x0000000711e9f800}: 'void java.lang.invoke.DirectMethodHandle$Holder.invokeInterface(java.lang.Object, java.lang.Object, java.lang.Object)'> (0x0000000711e9f800) 
thrown [s\open\src\hotspot\share\interpreter\linkResolver.cpp, line 759]
Event: 1.066 Thread 0x00000110f4a272c0 Exception <a 'java/lang/NoSuchMethodError'{0x0000000711f4f0d8}: 'java.lang.Object java.lang.invoke.DirectMethodHandle$Holder.invokeVirtual(java.lang.Object, java.lang.Object, java.lang.Object)'> (0x0000000711f4f0d8) 
thrown [s\open\src\hotspot\share\interpreter\linkResolver.cpp, line 759]
Event: 1.089 Thread 0x00000110f4a272c0 Exception <a 'java/lang/NoSuchMethodError'{0x0000000711c35f98}: 'void java.lang.invoke.DirectMethodHandle$Holder.invokeStatic(java.lang.Object, java.lang.Object, int)'> (0x0000000711c35f98) 
thrown [s\open\src\hotspot\share\interpreter\linkResolver.cpp, line 759]
Event: 1.093 Thread 0x00000110f4a272c0 Exception <a 'java/lang/NoSuchMethodError'{0x0000000711c4e3b0}: 'void java.lang.invoke.DirectMethodHandle$Holder.invokeStaticInit(java.lang.Object, java.lang.Object, java.lang.Object)'> (0x0000000711c4e3b0) 
thrown [s\open\src\hotspot\share\interpreter\linkResolver.cpp, line 759]
Event: 1.100 Thread 0x00000110f4a272c0 Exception <a 'java/lang/NoSuchMethodError'{0x0000000711ca3850}: 'java.lang.Object java.lang.invoke.DirectMethodHandle$Holder.invokeStatic(java.lang.Object, java.lang.Object, long, java.lang.Object)'> (0x0000000711ca3850) 
thrown [s\open\src\hotspot\share\interpreter\linkResolver.cpp, line 759]
Event: 1.100 Thread 0x00000110f4a272c0 Exception <a 'java/lang/NoSuchMethodError'{0x0000000711ca72e8}: 'java.lang.Object java.lang.invoke.DirectMethodHandle$Holder.invokeStaticInit(java.lang.Object, java.lang.Object, long, java.lang.Object)'> (0x0000000711ca72e8) 
thrown [s\open\src\hotspot\share\interpreter\linkResolver.cpp, line 759]
Event: 1.101 Thread 0x00000110f4a272c0 Exception <a 'java/lang/NoSuchMethodError'{0x0000000711cad8f8}: 'java.lang.Object java.lang.invoke.DirectMethodHandle$Holder.newInvokeSpecial(java.lang.Object, java.lang.Object, long)'> (0x0000000711cad8f8) 
thrown [s\open\src\hotspot\share\interpreter\linkResolver.cpp, line 759]
Event: 1.101 Thread 0x00000110f4a272c0 Exception <a 'java/lang/NoSuchMethodError'{0x0000000711cb1468}: 'java.lang.Object java.lang.invoke.Invokers$Holder.linkToTargetMethod(java.lang.Object, long, java.lang.Object)'> (0x0000000711cb1468) 
thrown [s\open\src\hotspot\share\interpreter\linkResolver.cpp, line 759]
Event: 1.113 Thread 0x00000110f4a272c0 Exception <a 'java/lang/NoSuchMethodError'{0x0000000711d170b8}: 'void java.lang.invoke.DirectMethodHandle$Holder.invokeVirtual(java.lang.Object, java.lang.Object, java.lang.Object, java.lang.Object)'> (0x0000000711d170b8) 
thrown [s\open\src\hotspot\share\interpreter\linkResolver.cpp, line 759]
Event: 1.147 Thread 0x00000110f4a272c0 Exception <a 'java/lang/NoSuchMethodError'{0x0000000712e70690}: 'void java.lang.invoke.DirectMethodHandle$Holder.invokeSpecial(java.lang.Object, java.lang.Object, java.lang.Object)'> (0x0000000712e70690) 
thrown [s\open\src\hotspot\share\interpreter\linkResolver.cpp, line 759]
Event: 1.157 Thread 0x00000110f4a272c0 Exception <a 'java/lang/IncompatibleClassChangeError'{0x0000000712ea4050}: Found class java.lang.Object, but interface was expected> (0x0000000712ea4050) 
thrown [s\open\src\hotspot\share\interpreter\linkResolver.cpp, line 826]
Event: 1.258 Thread 0x00000110f5c19a30 Exception <a 'java/lang/NoSuchMethodError'{0x00000007127d5938}: static [B.<clinit>()V> (0x00000007127d5938) 
thrown [s\open\src\hotspot\share\prims\jni.cpp, line 1107]
Event: 1.270 Thread 0x00000110f5c19a30 Exception <a 'java/lang/ClassNotFoundException'{0x00000007127f0178}: javax/management/remote/rmi/RMIConnectionImpl_Skel> (0x00000007127f0178) 
thrown [s\open\src\hotspot\share\classfile\systemDictionary.cpp, line 256]
Event: 1.280 Thread 0x00000110f5c19a30 Exception <a 'java/lang/reflect/InvocationTargetException'{0x000000071259d200}> (0x000000071259d200) 
thrown [s\open\src\hotspot\share\runtime\reflection.cpp, line 1121]
Event: 1.284 Thread 0x00000110f5c19a30 Exception <a 'java/lang/NoSuchMethodError'{0x0000000712212b18}: static [Ljava/lang/StackTraceElement;.<clinit>()V> (0x0000000712212b18) 
thrown [s\open\src\hotspot\share\prims\jni.cpp, line 1107]
Event: 1.299 Thread 0x00000110f4a272c0 Exception <a 'java/lang/NoSuchMethodError'{0x00000007122d7500}: 'java.lang.Object java.lang.invoke.DirectMethodHandle$Holder.invokeStatic(java.lang.Object, int, java.lang.Object)'> (0x00000007122d7500) 
thrown [s\open\src\hotspot\share\interpreter\linkResolver.cpp, line 759]
Event: 1.454 Thread 0x00000110f4a272c0 Exception <a 'sun/nio/fs/WindowsException'{0x00000007112adf68}> (0x00000007112adf68) 
thrown [s\open\src\hotspot\share\prims\jni.cpp, line 516]
Event: 1.454 Thread 0x00000110f4a272c0 Exception <a 'java/lang/NoSuchMethodError'{0x00000007112af4a8}: 'int java.lang.invoke.DirectMethodHandle$Holder.invokeSpecial(java.lang.Object, java.lang.Object, java.lang.Object, java.lang.Object, java.lang.Object)'> (0x00000007112af4a8) 
thrown [s\open\src\hotspot\share\interpreter\linkResolver.cpp, line 759]
Event: 1.455 Thread 0x00000110f4a272c0 Exception <a 'java/lang/NoSuchMethodError'{0x00000007112b7f00}: 'void java.lang.invoke.DirectMethodHandle$Holder.invokeVirtual(java.lang.Object, java.lang.Object)'> (0x00000007112b7f00) 
thrown [s\open\src\hotspot\share\interpreter\linkResolver.cpp, line 759]

VM Operations (20 events):
Event: 0.560 Executing VM operation: HandshakeAllThreads
Event: 0.560 Executing VM operation: HandshakeAllThreads done
Event: 0.757 Executing VM operation: G1CollectForAllocation
Event: 0.763 Executing VM operation: G1CollectForAllocation done
Event: 0.851 Executing VM operation: HandshakeAllThreads
Event: 0.851 Executing VM operation: HandshakeAllThreads done
Event: 1.001 Executing VM operation: HandshakeAllThreads
Event: 1.001 Executing VM operation: HandshakeAllThreads done
Event: 1.131 Executing VM operation: G1CollectForAllocation
Event: 1.136 Executing VM operation: G1CollectForAllocation done
Event: 1.143 Executing VM operation: HandshakeAllThreads
Event: 1.143 Executing VM operation: HandshakeAllThreads done
Event: 1.145 Executing VM operation: HandshakeAllThreads
Event: 1.145 Executing VM operation: HandshakeAllThreads done
Event: 1.269 Executing VM operation: HandshakeAllThreads
Event: 1.269 Executing VM operation: HandshakeAllThreads done
Event: 1.395 Executing VM operation: HandshakeAllThreads
Event: 1.395 Executing VM operation: HandshakeAllThreads done
Event: 1.433 Executing VM operation: HandshakeAllThreads
Event: 1.433 Executing VM operation: HandshakeAllThreads done

Events (20 events):
Event: 1.540 loading class java/util/concurrent/ConcurrentLinkedQueue$Node done
Event: 1.543 loading class java/util/concurrent/atomic/AtomicLongArray
Event: 1.543 loading class java/util/concurrent/atomic/AtomicLongArray done
Event: 1.543 loading class java/lang/invoke/VarHandleLongs$Array
Event: 1.543 loading class java/lang/invoke/VarHandleLongs$Array done
Event: 1.543 loading class java/util/concurrent/atomic/AtomicReferenceArray
Event: 1.543 loading class java/util/concurrent/atomic/AtomicReferenceArray done
Event: 1.561 Thread 0x00000110f5f40190 Thread added: 0x00000110f5f40190
Event: 1.568 loading class sun/text/resources/cldr/FormatData_en
Event: 1.569 loading class sun/text/resources/cldr/FormatData_en done
Event: 1.569 loading class sun/text/resources/cldr/FormatData_en_US
Event: 1.569 loading class sun/text/resources/cldr/FormatData_en_US done
Event: 1.573 Thread 0x00000110f5db0790 Thread added: 0x00000110f5db0790
Event: 1.586 loading class java/io/CharArrayReader
Event: 1.586 loading class java/io/CharArrayReader done
Event: 1.618 loading class javax/naming/ldap/LdapContext
Event: 1.618 loading class javax/naming/directory/DirContext
Event: 1.618 loading class javax/naming/directory/DirContext done
Event: 1.618 loading class javax/naming/ldap/LdapContext done
Event: 1.636 Thread 0x00000110f5db0790 Thread exited: 0x00000110f5db0790


Dynamic libraries:
0x00007ff6ce5a0000 - 0x00007ff6ce5b0000 	C:\Program Files\Java\jdk-17.0.4.1\bin\java.exe
0x00007ffa14f50000 - 0x00007ffa15167000 	C:\WINDOWS\SYSTEM32\ntdll.dll
0x00007ffa13cc0000 - 0x00007ffa13d84000 	C:\WINDOWS\System32\KERNEL32.DLL
0x00007ffa124e0000 - 0x00007ffa12899000 	C:\WINDOWS\System32\KERNELBASE.dll
0x00007ffa128d0000 - 0x00007ffa129e1000 	C:\WINDOWS\System32\ucrtbase.dll
0x00007ffa0d340000 - 0x00007ffa0d35a000 	C:\Program Files\Java\jdk-17.0.4.1\bin\VCRUNTIME140.dll
0x00007ffa08de0000 - 0x00007ffa08df8000 	C:\Program Files\Java\jdk-17.0.4.1\bin\jli.dll
0x00007ffa13b60000 - 0x00007ffa13c12000 	C:\WINDOWS\System32\ADVAPI32.dll
0x00007ffa14110000 - 0x00007ffa141b7000 	C:\WINDOWS\System32\msvcrt.dll
0x00007ffa14b80000 - 0x00007ffa14c27000 	C:\WINDOWS\System32\sechost.dll
0x00007ffa128a0000 - 0x00007ffa128c8000 	C:\WINDOWS\System32\bcrypt.dll
0x00007ffa13ff0000 - 0x00007ffa14104000 	C:\WINDOWS\System32\RPCRT4.dll
0x00007ffa130f0000 - 0x00007ffa1329e000 	C:\WINDOWS\System32\USER32.dll
0x00007ffa12340000 - 0x00007ffa12366000 	C:\WINDOWS\System32\win32u.dll
0x00007ff9fcd80000 - 0x00007ff9fd012000 	C:\WINDOWS\WinSxS\amd64_microsoft.windows.common-controls_6595b64144ccf1df_6.0.22621.4391_none_2715d37f73803e96\COMCTL32.dll
0x00007ffa13c90000 - 0x00007ffa13cb9000 	C:\WINDOWS\System32\GDI32.dll
0x00007ffa12a90000 - 0x00007ffa12bab000 	C:\WINDOWS\System32\gdi32full.dll
0x00007ffa129f0000 - 0x00007ffa12a8a000 	C:\WINDOWS\System32\msvcp_win.dll
0x00007ffa0b100000 - 0x00007ffa0b10a000 	C:\WINDOWS\SYSTEM32\VERSION.dll
0x00007ffa132a0000 - 0x00007ffa132d1000 	C:\WINDOWS\System32\IMM32.DLL
0x00007ffa0d320000 - 0x00007ffa0d32c000 	C:\Program Files\Java\jdk-17.0.4.1\bin\vcruntime140_1.dll
0x00007ff9e9920000 - 0x00007ff9e99ad000 	C:\Program Files\Java\jdk-17.0.4.1\bin\msvcp140.dll
0x00007ff9467c0000 - 0x00007ff947382000 	C:\Program Files\Java\jdk-17.0.4.1\bin\server\jvm.dll
0x00007ffa14ab0000 - 0x00007ffa14ab8000 	C:\WINDOWS\System32\PSAPI.DLL
0x00007ff9f73a0000 - 0x00007ff9f73a9000 	C:\WINDOWS\SYSTEM32\WSOCK32.dll
0x00007ffa0bb40000 - 0x00007ffa0bb74000 	C:\WINDOWS\SYSTEM32\WINMM.dll
0x00007ffa146f0000 - 0x00007ffa14761000 	C:\WINDOWS\System32\WS2_32.dll
0x00007ffa11340000 - 0x00007ffa11358000 	C:\WINDOWS\SYSTEM32\kernel.appcore.dll
0x00007ffa0aa80000 - 0x00007ffa0aa8a000 	C:\Program Files\Java\jdk-17.0.4.1\bin\jimage.dll
0x00007ffa0fcf0000 - 0x00007ffa0ff22000 	C:\WINDOWS\SYSTEM32\DBGHELP.DLL
0x00007ffa12d00000 - 0x00007ffa1308f000 	C:\WINDOWS\System32\combase.dll
0x00007ffa149d0000 - 0x00007ffa14aa7000 	C:\WINDOWS\System32\OLEAUT32.dll
0x00007ff9fccf0000 - 0x00007ff9fcd22000 	C:\WINDOWS\SYSTEM32\dbgcore.DLL
0x00007ffa12250000 - 0x00007ffa122cb000 	C:\WINDOWS\System32\bcryptPrimitives.dll
0x00007ffa08ec0000 - 0x00007ffa08ece000 	C:\Program Files\Java\jdk-17.0.4.1\bin\instrument.dll
0x00007ff9fc6c0000 - 0x00007ff9fc6e5000 	C:\Program Files\Java\jdk-17.0.4.1\bin\java.dll
0x00007ff9d12c0000 - 0x00007ff9d1396000 	C:\Program Files\Java\jdk-17.0.4.1\bin\jsvml.dll
0x00007ffa132e0000 - 0x00007ffa13b56000 	C:\WINDOWS\System32\SHELL32.dll
0x00007ffa10150000 - 0x00007ffa10a53000 	C:\WINDOWS\SYSTEM32\windows.storage.dll
0x00007ffa10010000 - 0x00007ffa1014f000 	C:\WINDOWS\SYSTEM32\wintypes.dll
0x00007ffa13ef0000 - 0x00007ffa13fe9000 	C:\WINDOWS\System32\SHCORE.dll
0x00007ffa14770000 - 0x00007ffa147ce000 	C:\WINDOWS\System32\shlwapi.dll
0x00007ffa12180000 - 0x00007ffa121ab000 	C:\WINDOWS\SYSTEM32\profapi.dll
0x00007ff9e98e0000 - 0x00007ff9e98f8000 	C:\Program Files\Java\jdk-17.0.4.1\bin\zip.dll
0x00007ff9f4260000 - 0x00007ff9f4279000 	C:\Program Files\Java\jdk-17.0.4.1\bin\net.dll
0x00007ffa0be80000 - 0x00007ffa0bfb6000 	C:\WINDOWS\SYSTEM32\WINHTTP.dll
0x00007ffa117c0000 - 0x00007ffa11829000 	C:\WINDOWS\system32\mswsock.dll
0x00007ff9f3cb0000 - 0x00007ff9f3cc6000 	C:\Program Files\Java\jdk-17.0.4.1\bin\nio.dll
0x00007ff9e98c0000 - 0x00007ff9e98da000 	C:\Program Files\JetBrains\IntelliJ IDEA 2024.2.1\bin\breakgen64.dll
0x00007ffa10da0000 - 0x00007ffa10ea2000 	C:\WINDOWS\SYSTEM32\DNSAPI.dll
0x00007ffa10d30000 - 0x00007ffa10d5d000 	C:\WINDOWS\SYSTEM32\IPHLPAPI.DLL
0x00007ffa146e0000 - 0x00007ffa146e9000 	C:\WINDOWS\System32\NSI.dll
0x00007ffa07fe0000 - 0x00007ffa07fea000 	C:\Windows\System32\rasadhlp.dll
0x00007ffa0b020000 - 0x00007ffa0b0a3000 	C:\WINDOWS\System32\fwpuclnt.dll
0x00007ff9f4250000 - 0x00007ff9f4259000 	C:\Program Files\Java\jdk-17.0.4.1\bin\management.dll
0x00007ff9f3ca0000 - 0x00007ff9f3cab000 	C:\Program Files\Java\jdk-17.0.4.1\bin\management_ext.dll
0x00007ffa11a30000 - 0x00007ffa11a4b000 	C:\WINDOWS\SYSTEM32\CRYPTSP.dll
0x00007ffa112a0000 - 0x00007ffa112d5000 	C:\WINDOWS\system32\rsaenh.dll
0x00007ffa118a0000 - 0x00007ffa118c8000 	C:\WINDOWS\SYSTEM32\USERENV.dll
0x00007ffa11a50000 - 0x00007ffa11a5c000 	C:\WINDOWS\SYSTEM32\CRYPTBASE.dll
0x00007ffa0c430000 - 0x00007ffa0c449000 	C:\WINDOWS\SYSTEM32\dhcpcsvc6.DLL
0x00007ffa0c410000 - 0x00007ffa0c42f000 	C:\WINDOWS\SYSTEM32\dhcpcsvc.DLL
0x00007ff9f6660000 - 0x00007ff9f6677000 	C:\WINDOWS\system32\napinsp.dll
0x00007ff9f4fa0000 - 0x00007ff9f4fbb000 	C:\WINDOWS\system32\pnrpnsp.dll
0x00007ff9f4550000 - 0x00007ff9f4561000 	C:\WINDOWS\System32\winrnr.dll
0x00007ffa0b810000 - 0x00007ffa0b825000 	C:\WINDOWS\system32\wshbth.dll
0x00007ff9f4520000 - 0x00007ff9f4547000 	C:\WINDOWS\system32\nlansp_c.dll

dbghelp: loaded successfully - version: 4.0.5 - missing functions: none
symbol engine: initialized successfully - sym options: 0x614 - pdb path: .;C:\Program Files\Java\jdk-17.0.4.1\bin;C:\WINDOWS\SYSTEM32;C:\WINDOWS\WinSxS\amd64_microsoft.windows.common-controls_6595b64144ccf1df_6.0.22621.4391_none_2715d37f73803e96;C:\Program Files\Java\jdk-17.0.4.1\bin\server;C:\Program Files\JetBrains\IntelliJ IDEA 2024.2.1\bin

VM Arguments:
jvm_args: -XX:TieredStopAtLevel=1 -Dspring.output.ansi.enabled=always -Dcom.sun.management.jmxremote -Dspring.jmx.enabled=true -Dspring.liveBeansView.mbeanDomain -Dspring.application.admin.enabled=true -Dmanagement.endpoints.jmx.exposure.include=* -javaagent:C:\Program Files\JetBrains\IntelliJ IDEA 2024.2.1\lib\idea_rt.jar=59758:C:\Program Files\JetBrains\IntelliJ IDEA 2024.2.1\bin -Dfile.encoding=UTF-8 
java_command: com.learning.bank.BankApplication
java_class_path (initial): D:\Java Learning\bank\target\classes;C:\Users\Vera\.m2\repository\org\springframework\boot\spring-boot-starter-web\3.3.2\spring-boot-starter-web-3.3.2.jar;C:\Users\Vera\.m2\repository\org\springframework\boot\spring-boot-starter\3.3.2\spring-boot-starter-3.3.2.jar;C:\Users\Vera\.m2\repository\org\springframework\boot\spring-boot-starter-logging\3.3.2\spring-boot-starter-logging-3.3.2.jar;C:\Users\Vera\.m2\repository\ch\qos\logback\logback-classic\1.5.6\logback-classic-1.5.6.jar;C:\Users\Vera\.m2\repository\ch\qos\logback\logback-core\1.5.6\logback-core-1.5.6.jar;C:\Users\Vera\.m2\repository\org\apache\logging\log4j\log4j-to-slf4j\2.23.1\log4j-to-slf4j-2.23.1.jar;C:\Users\Vera\.m2\repository\org\apache\logging\log4j\log4j-api\2.23.1\log4j-api-2.23.1.jar;C:\Users\Vera\.m2\repository\org\slf4j\jul-to-slf4j\2.0.13\jul-to-slf4j-2.0.13.jar;C:\Users\Vera\.m2\repository\jakarta\annotation\jakarta.annotation-api\2.1.1\jakarta.annotation-api-2.1.1.jar;C:\Users\Vera\.m2\repository\org\yaml\snakeyaml\2.2\snakeyaml-2.2.jar;C:\Users\Vera\.m2\repository\org\springframework\boot\spring-boot-starter-json\3.3.2\spring-boot-starter-json-3.3.2.jar;C:\Users\Vera\.m2\repository\com\fasterxml\jackson\core\jackson-databind\2.17.2\jackson-databind-2.17.2.jar;C:\Users\Vera\.m2\repository\com\fasterxml\jackson\core\jackson-annotations\2.17.2\jackson-annotations-2.17.2.jar;C:\Users\Vera\.m2\repository\com\fasterxml\jackson\core\jackson-core\2.17.2\jackson-core-2.17.2.jar;C:\Users\Vera\.m2\repository\com\fasterxml\jackson\datatype\jackson-datatype-jdk8\2.17.2\jackson-datatype-jdk8-2.17.2.jar;C:\Users\Vera\.m2\repository\com\fasterxml\jackson\datatype\jackson-datatype-jsr310\2.17.2\jackson-datatype-jsr310-2.17.2.jar;C:\Users\Vera\.m2\repository\com\fasterxml\jackson\module\jackson-module-parameter-names\2.17.2\jackson-module-parameter-names-2.17.2.jar;C:\Users\Vera\.m2\repository\org\springframework\boot\spring-boot-starter-tomcat\3.3.2\spring-boot-starter-tomcat-3.3
Launcher Type: SUN_STANDARD

[Global flags]
     intx CICompilerCount                          = 4                                         {product} {ergonomic}
     uint ConcGCThreads                            = 3                                         {product} {ergonomic}
     uint G1ConcRefinementThreads                  = 10                                        {product} {ergonomic}
   size_t G1HeapRegionSize                         = 2097152                                   {product} {ergonomic}
    uintx GCDrainStackTargetSize                   = 64                                        {product} {ergonomic}
   size_t InitialHeapSize                          = 266338304                                 {product} {ergonomic}
     bool ManagementServer                         = true                                      {product} {command line}
   size_t MarkStackSize                            = 4194304                                   {product} {ergonomic}
   size_t MaxHeapSize                              = 4242538496                                {product} {ergonomic}
   size_t MaxNewSize                               = 2543845376                                {product} {ergonomic}
   size_t MinHeapDeltaBytes                        = 2097152                                   {product} {ergonomic}
   size_t MinHeapSize                              = 8388608                                   {product} {ergonomic}
    uintx NonProfiledCodeHeapSize                  = 0                                      {pd product} {ergonomic}
     bool ProfileInterpreter                       = false                                  {pd product} {command line}
    uintx ProfiledCodeHeapSize                     = 0                                      {pd product} {ergonomic}
   size_t SoftMaxHeapSize                          = 4242538496                             {manageable} {ergonomic}
     intx TieredStopAtLevel                        = 1                                         {product} {command line}
     bool UseCompressedClassPointers               = true                           {product lp64_product} {ergonomic}
     bool UseCompressedOops                        = true                           {product lp64_product} {ergonomic}
     bool UseG1GC                                  = true                                      {product} {ergonomic}
     bool UseLargePagesIndividualAllocation        = false                                  {pd product} {ergonomic}

Logging:
Log output configuration:
 #0: stdout all=warning uptime,level,tags
 #1: stderr all=off uptime,level,tags

Environment Variables:
JAVA_HOME=C:\developer\java\jdk_8u231
PATH=C:\Program Files\Common Files\Oracle\Java\javapath;C:\Python310\Scripts\;C:\Python310\;C:\Program Files (x86)\Common Files\Oracle\Java\javapath;C:\Windows\system32;C:\Windows;C:\Windows\System32\Wbem;C:\Windows\System32\WindowsPowerShell\v1.0\;C:\Program Files (x86)\NVIDIA Corporation\PhysX\Common;C:\Program Files\Intel\WiFi\bin\;C:\Program Files\Common Files\Intel\WirelessCommon\;C:\Program Files (x86)\Intel\Intel(R) Management Engine Components\DAL;C:\Program Files\Intel\Intel(R) Management Engine Components\DAL;C:\Program Files (x86)\PuTTY\;C:\WINDOWS\system32;C:\WINDOWS;C:\WINDOWS\System32\Wbem;C:\WINDOWS\System32\WindowsPowerShell\v1.0\;C:\WINDOWS\System32\OpenSSH\;%JAVA_HOME%\bin;%GIT_HOME%\cmd;C:\Program Files\dotnet\;C:\Program Files\Microsoft SQL Server\130\Tools\Binn\;C:\Program Files\Microsoft SQL Server\Client SDK\ODBC\170\Tools\Binn\;C:\Program Files (x86)\Microsoft SQL Server\150\Tools\Binn\;C:\Program Files\Microsoft SQL Server\150\Tools\Binn\;C:\Program Files\Microsoft SQL Server\150\DTS\Binn\;C:\Program Files\Azure Data Studio\bin;C:\developer\tools\git\Git\cmd;C:\ProgramData\chocolatey\bin;C:\xampp\php;C:\ProgramData\ComposerSetup\bin;C:\Program Files\nodejs\;C:\Program Files (x86)\Microsoft SQL Server\160\Tools\Binn\;C:\Program Files\Microsoft SQL Server\160\Tools\Binn\;C:\Program Files\Microsoft SQL Server\160\DTS\Binn\;C:\Program Files (x86)\Microsoft SQL Server\160\DTS\Binn\;C:\Users\Vera\AppData\Local\Programs\Microsoft VS Code\bin;C:\Users\Vera\AppData\Local\Microsoft\WindowsApps;C:\Program Files\Azure Data Studio\bin;C:\Program Files\JetBrains\IntelliJ IDEA Community Edition 2021.3\bin;C:\Users\Vera\.dotnet\tools;C:\Users\Vera\AppData\Local\Microsoft\WindowsApps;C:\Users\Vera\AppData\Roaming\Composer\vendor\bin;C:\Users\Vera\AppData\Roaming\npm;C:\Users\Vera\AppData\Local\gitkraken\bin;C:\Users\Vera\.dotnet\tools
USERNAME=Vera
OS=Windows_NT
PROCESSOR_IDENTIFIER=Intel64 Family 6 Model 158 Stepping 10, GenuineIntel



---------------  S Y S T E M  ---------------

OS:
 Windows 11 , 64 bit Build 22621 (10.0.22621.4391)
OS uptime: 0 days 5:25 hours
Hyper-V role detected

CPU: total 12 (initial active 12) (6 cores per cpu, 2 threads per core) family 6 model 158 stepping 10 microcode 0xde, cx8, cmov, fxsr, ht, mmx, 3dnowpref, sse, sse2, sse3, ssse3, sse4.1, sse4.2, popcnt, lzcnt, tsc, tscinvbit, avx, avx2, aes, erms, clmul, bmi1, bmi2, adx, fma, vzeroupper, clflush, clflushopt, hv

Memory: 4k page, system-wide physical 16178M (3039M free)
TotalPageFile size 18226M (AvailPageFile size 3M)
current process WorkingSet (physical memory assigned to process): 126M, peak: 126M
current process commit charge ("private bytes"): 379M, peak: 379M

vm_info: Java HotSpot(TM) 64-Bit Server VM (17.0.4.1+1-LTS-2) for windows-amd64 JRE (17.0.4.1+1-LTS-2), built on Aug 16 2022 18:32:06 by "mach5one" with MS VC++ 16.8 / 16.9 (VS2019)

END.
