#
# There is insufficient memory for the Java Runtime Environment to continue.
# Native memory allocation (mmap) failed to map 266338304 bytes for G1 virtual space
# Possible reasons:
#   The system is out of physical RAM or swap space
#   The process is running with CompressedOops enabled, and the Java Heap may be blocking the growth of the native heap
# Possible solutions:
#   Reduce memory load on the system
#   Increase physical memory or swap space
#   Check if swap backing store is full
#   Decrease Java heap size (-Xmx/-Xms)
#   Decrease number of Java threads
#   Decrease Java thread stack sizes (-Xss)
#   Set larger code cache with -XX:ReservedCodeCacheSize=
#   JVM is running with Zero Based Compressed Oops mode in which the Java heap is
#     placed in the first 32GB address space. The Java Heap base address is the
#     maximum limit for the native heap growth. Please use -XX:HeapBaseMinAddress
#     to set the Java Heap base and to place the Java Heap above 32GB virtual address.
# This output file may be truncated or incomplete.
#
#  Out of Memory Error (os_windows.cpp:3535), pid=25968, tid=26920
#
# JRE version:  (17.0.4.1+1) (build )
# Java VM: Java HotSpot(TM) 64-Bit Server VM (17.0.4.1+1-LTS-2, mixed mode, sharing, tiered, compressed oops, compressed class ptrs, g1 gc, windows-amd64)
# No core dump will be written. Minidumps are not enabled by default on client versions of Windows
#

---------------  S U M M A R Y ------------

Command Line: -Dmaven.multiModuleProjectDirectory=D:\Java Learning\bank -Djansi.passthrough=true -Dmaven.home=C:\Users\Vera\.m2\wrapper\dists\apache-maven-3.9.9-bin\4nf9hui3q3djbarqar9g711ggc\apache-maven-3.9.9 -Dclassworlds.conf=C:\Users\Vera\.m2\wrapper\dists\apache-maven-3.9.9-bin\4nf9hui3q3djbarqar9g711ggc\apache-maven-3.9.9\bin\m2.conf -Dmaven.ext.class.path=C:\Program Files\JetBrains\IntelliJ IDEA 2024.2.1\plugins\maven\lib\maven-event-listener.jar -javaagent:C:\Program Files\JetBrains\IntelliJ IDEA 2024.2.1\lib\idea_rt.jar=62976:C:\Program Files\JetBrains\IntelliJ IDEA 2024.2.1\bin -Dfile.encoding=UTF-8 org.codehaus.classworlds.Launcher -Didea.version=2024.2.1 --offline clean

Host: Intel(R) Core(TM) i7-8750H CPU @ 2.20GHz, 12 cores, 15G,  Windows 11 , 64 bit Build 22621 (10.0.22621.4391)
Time: Tue Nov 12 00:45:07 2024 Central Europe Standard Time elapsed time: 0.015420 seconds (0d 0h 0m 0s)

---------------  T H R E A D  ---------------

Current thread (0x0000022798d97340):  JavaThread "Unknown thread" [_thread_in_vm, id=26920, stack(0x000000808f400000,0x000000808f500000)]

Stack: [0x000000808f400000,0x000000808f500000]
Native frames: (J=compiled Java code, j=interpreted, Vv=VM code, C=native code)
V  [jvm.dll+0x6723ba]
V  [jvm.dll+0x7d1e34]
V  [jvm.dll+0x7d35de]
V  [jvm.dll+0x7d3c43]
V  [jvm.dll+0x243065]
V  [jvm.dll+0x66f2d9]
V  [jvm.dll+0x663c22]
V  [jvm.dll+0x3011cb]
V  [jvm.dll+0x308766]
V  [jvm.dll+0x35846e]
V  [jvm.dll+0x35869f]
V  [jvm.dll+0x2d83e8]
V  [jvm.dll+0x2d9354]
V  [jvm.dll+0x7a3911]
V  [jvm.dll+0x3662c1]
V  [jvm.dll+0x782d7c]
V  [jvm.dll+0x3e8c1f]
V  [jvm.dll+0x3ea6c1]
C  [jli.dll+0x527b]
C  [ucrtbase.dll+0x29333]
C  [KERNEL32.DLL+0x1259d]
C  [ntdll.dll+0x5af38]


---------------  P R O C E S S  ---------------

Threads class SMR info:
_java_thread_list=0x00007ffe96c0a858, length=0, elements={
}

Java Threads: ( => current thread )

Other Threads:
  0x0000022798e02270 GCTaskThread "GC Thread#0" [stack: 0x000000808f500000,0x000000808f600000] [id=5168]
  0x0000022798e12e80 ConcurrentGCThread "G1 Main Marker" [stack: 0x000000808f600000,0x000000808f700000] [id=21296]
  0x0000022798e15040 ConcurrentGCThread "G1 Conc#0" [stack: 0x000000808f700000,0x000000808f800000] [id=14592]

[error occurred during error reporting (printing all threads), id 0xc0000005, EXCEPTION_ACCESS_VIOLATION (0xc0000005) at pc=0x00007ffe96458dd7]

VM state: not at safepoint (not fully initialized)

VM Mutex/Monitor currently owned by a thread:  ([mutex/lock_event])
[0x0000022798d935f0] Heap_lock - owner thread: 0x0000022798d97340

Heap address: 0x0000000703200000, size: 4046 MB, Compressed Oops mode: Zero based, Oop shift amount: 3

CDS archive(s) mapped at: [0x0000000000000000-0x0000000000000000-0x0000000000000000), size 0, SharedBaseAddress: 0x0000000800000000, ArchiveRelocationMode: 0.
Narrow klass base: 0x0000000000000000, Narrow klass shift: 0, Narrow klass range: 0x0

GC Precious Log:
<Empty>

Heap:
 garbage-first heap   total 0K, used 0K [0x0000000703200000, 0x0000000800000000)
  region size 2048K, 0 young (0K), 0 survivors (0K)

[error occurred during error reporting (printing heap information), id 0xc0000005, EXCEPTION_ACCESS_VIOLATION (0xc0000005) at pc=0x00007ffe9683b869]

GC Heap History (0 events):
No events

Deoptimization events (0 events):
No events

Classes unloaded (0 events):
No events

Classes redefined (0 events):
No events

Internal exceptions (0 events):
No events

VM Operations (0 events):
No events

Events (1 events):
Event: 0.008 Loaded shared library C:\Program Files\Java\jdk-17.0.4.1\bin\java.dll


Dynamic libraries:
0x00007ff642f10000 - 0x00007ff642f20000 	C:\Program Files\Java\jdk-17.0.4.1\bin\java.exe
0x00007fff820b0000 - 0x00007fff822c7000 	C:\WINDOWS\SYSTEM32\ntdll.dll
0x00007fff80610000 - 0x00007fff806d4000 	C:\WINDOWS\System32\KERNEL32.DLL
0x00007fff7fa10000 - 0x00007fff7fdc9000 	C:\WINDOWS\System32\KERNELBASE.dll
0x00007fff7f8f0000 - 0x00007fff7fa01000 	C:\WINDOWS\System32\ucrtbase.dll
0x00007fff59220000 - 0x00007fff59238000 	C:\Program Files\Java\jdk-17.0.4.1\bin\jli.dll
0x00007fff52670000 - 0x00007fff5268a000 	C:\Program Files\Java\jdk-17.0.4.1\bin\VCRUNTIME140.dll
0x00007fff80eb0000 - 0x00007fff80f62000 	C:\WINDOWS\System32\ADVAPI32.dll
0x00007fff80c40000 - 0x00007fff80ce7000 	C:\WINDOWS\System32\msvcrt.dll
0x00007fff81c70000 - 0x00007fff81d17000 	C:\WINDOWS\System32\sechost.dll
0x00007fff7f840000 - 0x00007fff7f868000 	C:\WINDOWS\System32\bcrypt.dll
0x00007fff7fe40000 - 0x00007fff7ff54000 	C:\WINDOWS\System32\RPCRT4.dll
0x00007fff80d00000 - 0x00007fff80eae000 	C:\WINDOWS\System32\USER32.dll
0x00007fff6a390000 - 0x00007fff6a622000 	C:\WINDOWS\WinSxS\amd64_microsoft.windows.common-controls_6595b64144ccf1df_6.0.22621.4391_none_2715d37f73803e96\COMCTL32.dll
0x00007fff7f630000 - 0x00007fff7f656000 	C:\WINDOWS\System32\win32u.dll
0x00007fff80c10000 - 0x00007fff80c39000 	C:\WINDOWS\System32\GDI32.dll
0x00007fff7f510000 - 0x00007fff7f62b000 	C:\WINDOWS\System32\gdi32full.dll
0x00007fff7f470000 - 0x00007fff7f50a000 	C:\WINDOWS\System32\msvcp_win.dll
0x00007fff76cb0000 - 0x00007fff76cba000 	C:\WINDOWS\SYSTEM32\VERSION.dll
0x00007fff80700000 - 0x00007fff80731000 	C:\WINDOWS\System32\IMM32.DLL
0x00007fff66020000 - 0x00007fff6602c000 	C:\Program Files\Java\jdk-17.0.4.1\bin\vcruntime140_1.dll
0x00007fff28ac0000 - 0x00007fff28b4d000 	C:\Program Files\Java\jdk-17.0.4.1\bin\msvcp140.dll
0x00007ffe96170000 - 0x00007ffe96d32000 	C:\Program Files\Java\jdk-17.0.4.1\bin\server\jvm.dll
0x00007fff7fe20000 - 0x00007fff7fe28000 	C:\WINDOWS\System32\PSAPI.DLL
0x00007fff64880000 - 0x00007fff64889000 	C:\WINDOWS\SYSTEM32\WSOCK32.dll
0x00007fff77780000 - 0x00007fff777b4000 	C:\WINDOWS\SYSTEM32\WINMM.dll
0x00007fff80120000 - 0x00007fff80191000 	C:\WINDOWS\System32\WS2_32.dll
0x00007fff7e440000 - 0x00007fff7e458000 	C:\WINDOWS\SYSTEM32\kernel.appcore.dll
0x00007fff64890000 - 0x00007fff6489a000 	C:\Program Files\Java\jdk-17.0.4.1\bin\jimage.dll
0x00007fff754c0000 - 0x00007fff756f2000 	C:\WINDOWS\SYSTEM32\DBGHELP.DLL
0x00007fff80740000 - 0x00007fff80acf000 	C:\WINDOWS\System32\combase.dll
0x00007fff81df0000 - 0x00007fff81ec7000 	C:\WINDOWS\System32\OLEAUT32.dll
0x00007fff6a0a0000 - 0x00007fff6a0d2000 	C:\WINDOWS\SYSTEM32\dbgcore.DLL
0x00007fff7f870000 - 0x00007fff7f8eb000 	C:\WINDOWS\System32\bcryptPrimitives.dll
0x00007fff5e860000 - 0x00007fff5e86e000 	C:\Program Files\Java\jdk-17.0.4.1\bin\instrument.dll
0x00007fff472d0000 - 0x00007fff472f5000 	C:\Program Files\Java\jdk-17.0.4.1\bin\java.dll

dbghelp: loaded successfully - version: 4.0.5 - missing functions: none
symbol engine: initialized successfully - sym options: 0x614 - pdb path: .;C:\Program Files\Java\jdk-17.0.4.1\bin;C:\WINDOWS\SYSTEM32;C:\WINDOWS\WinSxS\amd64_microsoft.windows.common-controls_6595b64144ccf1df_6.0.22621.4391_none_2715d37f73803e96;C:\Program Files\Java\jdk-17.0.4.1\bin\server

VM Arguments:
jvm_args: -Dmaven.multiModuleProjectDirectory=D:\Java Learning\bank -Djansi.passthrough=true -Dmaven.home=C:\Users\Vera\.m2\wrapper\dists\apache-maven-3.9.9-bin\4nf9hui3q3djbarqar9g711ggc\apache-maven-3.9.9 -Dclassworlds.conf=C:\Users\Vera\.m2\wrapper\dists\apache-maven-3.9.9-bin\4nf9hui3q3djbarqar9g711ggc\apache-maven-3.9.9\bin\m2.conf -Dmaven.ext.class.path=C:\Program Files\JetBrains\IntelliJ IDEA 2024.2.1\plugins\maven\lib\maven-event-listener.jar -javaagent:C:\Program Files\JetBrains\IntelliJ IDEA 2024.2.1\lib\idea_rt.jar=62976:C:\Program Files\JetBrains\IntelliJ IDEA 2024.2.1\bin -Dfile.encoding=UTF-8 
java_command: org.codehaus.classworlds.Launcher -Didea.version=2024.2.1 --offline clean
java_class_path (initial): C:\Users\Vera\.m2\wrapper\dists\apache-maven-3.9.9-bin\4nf9hui3q3djbarqar9g711ggc\apache-maven-3.9.9\boot\plexus-classworlds-2.8.0.jar;C:\Users\Vera\.m2\wrapper\dists\apache-maven-3.9.9-bin\4nf9hui3q3djbarqar9g711ggc\apache-maven-3.9.9\boot\plexus-classworlds.license
Launcher Type: SUN_STANDARD

[Global flags]
     intx CICompilerCount                          = 4                                         {product} {ergonomic}
     uint ConcGCThreads                            = 3                                         {product} {ergonomic}
     uint G1ConcRefinementThreads                  = 10                                        {product} {ergonomic}
   size_t G1HeapRegionSize                         = 2097152                                   {product} {ergonomic}
    uintx GCDrainStackTargetSize                   = 64                                        {product} {ergonomic}
   size_t InitialHeapSize                          = 266338304                                 {product} {ergonomic}
   size_t MarkStackSize                            = 4194304                                   {product} {ergonomic}
   size_t MaxHeapSize                              = 4242538496                                {product} {ergonomic}
   size_t MinHeapDeltaBytes                        = 2097152                                   {product} {ergonomic}
   size_t MinHeapSize                              = 8388608                                   {product} {ergonomic}
    uintx NonNMethodCodeHeapSize                   = 5839372                                {pd product} {ergonomic}
    uintx NonProfiledCodeHeapSize                  = 122909434                              {pd product} {ergonomic}
    uintx ProfiledCodeHeapSize                     = 122909434                              {pd product} {ergonomic}
    uintx ReservedCodeCacheSize                    = 251658240                              {pd product} {ergonomic}
     bool SegmentedCodeCache                       = true                                      {product} {ergonomic}
   size_t SoftMaxHeapSize                          = 4242538496                             {manageable} {ergonomic}
     bool UseCompressedClassPointers               = true                           {product lp64_product} {ergonomic}
     bool UseCompressedOops                        = true                           {product lp64_product} {ergonomic}
     bool UseG1GC                                  = true                                      {product} {ergonomic}
     bool UseLargePagesIndividualAllocation        = false                                  {pd product} {ergonomic}

Logging:
Log output configuration:
 #0: stdout all=warning uptime,level,tags
 #1: stderr all=off uptime,level,tags

Environment Variables:
JAVA_HOME=C:\developer\java\jdk_8u231
PATH=C:\Program Files\Common Files\Oracle\Java\javapath;C:\Python310\Scripts\;C:\Python310\;C:\Program Files (x86)\Common Files\Oracle\Java\javapath;C:\Windows\system32;C:\Windows;C:\Windows\System32\Wbem;C:\Windows\System32\WindowsPowerShell\v1.0\;C:\Program Files (x86)\NVIDIA Corporation\PhysX\Common;C:\Program Files\Intel\WiFi\bin\;C:\Program Files\Common Files\Intel\WirelessCommon\;C:\Program Files (x86)\Intel\Intel(R) Management Engine Components\DAL;C:\Program Files\Intel\Intel(R) Management Engine Components\DAL;C:\Program Files (x86)\PuTTY\;C:\WINDOWS\system32;C:\WINDOWS;C:\WINDOWS\System32\Wbem;C:\WINDOWS\System32\WindowsPowerShell\v1.0\;C:\WINDOWS\System32\OpenSSH\;%JAVA_HOME%\bin;%GIT_HOME%\cmd;C:\Program Files\dotnet\;C:\Program Files\Microsoft SQL Server\130\Tools\Binn\;C:\Program Files\Microsoft SQL Server\Client SDK\ODBC\170\Tools\Binn\;C:\Program Files (x86)\Microsoft SQL Server\150\Tools\Binn\;C:\Program Files\Microsoft SQL Server\150\Tools\Binn\;C:\Program Files\Microsoft SQL Server\150\DTS\Binn\;C:\Program Files\Azure Data Studio\bin;C:\developer\tools\git\Git\cmd;C:\ProgramData\chocolatey\bin;C:\xampp\php;C:\ProgramData\ComposerSetup\bin;C:\Program Files\nodejs\;C:\Program Files (x86)\Microsoft SQL Server\160\Tools\Binn\;C:\Program Files\Microsoft SQL Server\160\Tools\Binn\;C:\Program Files\Microsoft SQL Server\160\DTS\Binn\;C:\Program Files (x86)\Microsoft SQL Server\160\DTS\Binn\;C:\Users\Vera\AppData\Local\Programs\Microsoft VS Code\bin;C:\Users\Vera\AppData\Local\Microsoft\WindowsApps;C:\Program Files\Azure Data Studio\bin;C:\Program Files\JetBrains\IntelliJ IDEA Community Edition 2021.3\bin;C:\Users\Vera\.dotnet\tools;C:\Users\Vera\AppData\Local\Microsoft\WindowsApps;C:\Users\Vera\AppData\Roaming\Composer\vendor\bin;C:\Users\Vera\AppData\Roaming\npm;C:\Users\Vera\AppData\Local\gitkraken\bin;C:\Users\Vera\.dotnet\tools
USERNAME=Vera
OS=Windows_NT
PROCESSOR_IDENTIFIER=Intel64 Family 6 Model 158 Stepping 10, GenuineIntel



---------------  S Y S T E M  ---------------

OS:
 Windows 11 , 64 bit Build 22621 (10.0.22621.4391)
OS uptime: 1 days 8:08 hours
Hyper-V role detected

CPU: total 12 (initial active 12) (6 cores per cpu, 2 threads per core) family 6 model 158 stepping 10 microcode 0xde, cx8, cmov, fxsr, ht, mmx, 3dnowpref, sse, sse2, sse3, ssse3, sse4.1, sse4.2, popcnt, lzcnt, tsc, tscinvbit, avx, avx2, aes, erms, clmul, bmi1, bmi2, adx, fma, vzeroupper, clflush, clflushopt, hv

Memory: 4k page, system-wide physical 16178M (2332M free)
TotalPageFile size 18226M (AvailPageFile size 114M)
current process WorkingSet (physical memory assigned to process): 11M, peak: 11M
current process commit charge ("private bytes"): 64M, peak: 318M

vm_info: Java HotSpot(TM) 64-Bit Server VM (17.0.4.1+1-LTS-2) for windows-amd64 JRE (17.0.4.1+1-LTS-2), built on Aug 16 2022 18:32:06 by "mach5one" with MS VC++ 16.8 / 16.9 (VS2019)

END.
