#
# There is insufficient memory for the Java Runtime Environment to continue.
# Native memory allocation (mmap) failed to map 65536 bytes for Failed to commit metaspace.
# Possible reasons:
#   The system is out of physical RAM or swap space
#   The process is running with CompressedOops enabled, and the Java Heap may be blocking the growth of the native heap
# Possible solutions:
#   Reduce memory load on the system
#   Increase physical memory or swap space
#   Check if swap backing store is full
#   Decrease Java heap size (-Xmx/-Xms)
#   Decrease number of Java threads
#   Decrease Java thread stack sizes (-Xss)
#   Set larger code cache with -XX:ReservedCodeCacheSize=
#   JVM is running with Zero Based Compressed Oops mode in which the Java heap is
#     placed in the first 32GB address space. The Java Heap base address is the
#     maximum limit for the native heap growth. Please use -XX:HeapBaseMinAddress
#     to set the Java Heap base and to place the Java Heap above 32GB virtual address.
# This output file may be truncated or incomplete.
#
#  Out of Memory Error (virtualSpaceNode.cpp:110), pid=1568, tid=9668
#
# JRE version: Java(TM) SE Runtime Environment (17.0.4.1+1) (build 17.0.4.1+1-LTS-2)
# Java VM: Java HotSpot(TM) 64-Bit Server VM (17.0.4.1+1-LTS-2, mixed mode, emulated-client, sharing, tiered, compressed oops, compressed class ptrs, g1 gc, windows-amd64)
# No core dump will be written. Minidumps are not enabled by default on client versions of Windows
#

---------------  S U M M A R Y ------------

Command Line: -XX:TieredStopAtLevel=1 -Dspring.output.ansi.enabled=always -Dcom.sun.management.jmxremote -Dspring.jmx.enabled=true -Dspring.liveBeansView.mbeanDomain -Dspring.application.admin.enabled=true -Dmanagement.endpoints.jmx.exposure.include=* -javaagent:C:\Program Files\JetBrains\IntelliJ IDEA 2024.2.1\lib\idea_rt.jar=59838:C:\Program Files\JetBrains\IntelliJ IDEA 2024.2.1\bin -Dfile.encoding=UTF-8 com.learning.bank.BankApplication

Host: Intel(R) Core(TM) i7-8750H CPU @ 2.20GHz, 12 cores, 15G,  Windows 11 , 64 bit Build 22621 (10.0.22621.4391)
Time: Mon Nov 11 23:53:10 2024 Central Europe Standard Time elapsed time: 0.540909 seconds (0d 0h 0m 0s)

---------------  T H R E A D  ---------------

Current thread (0x0000022d90c16e70):  JavaThread "main" [_thread_in_vm, id=9668, stack(0x0000008500500000,0x0000008500600000)]

Stack: [0x0000008500500000,0x0000008500600000]
Native frames: (J=compiled Java code, j=interpreted, Vv=VM code, C=native code)
V  [jvm.dll+0x6723ba]
V  [jvm.dll+0x7d1e34]
V  [jvm.dll+0x7d35de]
V  [jvm.dll+0x7d3c43]
V  [jvm.dll+0x243065]
V  [jvm.dll+0x7cdddb]
V  [jvm.dll+0x618166]
V  [jvm.dll+0x1be94e]
V  [jvm.dll+0x61aaa1]
V  [jvm.dll+0x618b06]
V  [jvm.dll+0x238b70]
V  [jvm.dll+0x1e8e4d]
V  [jvm.dll+0x1de891]
V  [jvm.dll+0x538bb0]
V  [jvm.dll+0x74c978]
V  [jvm.dll+0x74ca64]
V  [jvm.dll+0x409485]
V  [jvm.dll+0x40f4d8]
C  [java.dll+0x17ec]

Java frames: (J=compiled Java code, j=interpreted, Vv=VM code)
j  java.lang.ClassLoader.defineClass1(Ljava/lang/ClassLoader;Ljava/lang/String;[BIILjava/security/ProtectionDomain;Ljava/lang/String;)Ljava/lang/Class;+0 java.base@17.0.4.1
j  java.lang.ClassLoader.defineClass(Ljava/lang/String;[BIILjava/security/ProtectionDomain;)Ljava/lang/Class;+27 java.base@17.0.4.1
j  java.security.SecureClassLoader.defineClass(Ljava/lang/String;[BIILjava/security/CodeSource;)Ljava/lang/Class;+12 java.base@17.0.4.1
j  jdk.internal.loader.BuiltinClassLoader.defineClass(Ljava/lang/String;Ljdk/internal/loader/Resource;)Ljava/lang/Class;+117 java.base@17.0.4.1
j  jdk.internal.loader.BuiltinClassLoader.findClassOnClassPathOrNull(Ljava/lang/String;)Ljava/lang/Class;+37 java.base@17.0.4.1
J 913 c1 jdk.internal.loader.BuiltinClassLoader.loadClassOrNull(Ljava/lang/String;Z)Ljava/lang/Class; java.base@17.0.4.1 (143 bytes) @ 0x0000022d987d6784 [0x0000022d987d6300+0x0000000000000484]
j  jdk.internal.loader.BuiltinClassLoader.loadClass(Ljava/lang/String;Z)Ljava/lang/Class;+3 java.base@17.0.4.1
j  jdk.internal.loader.ClassLoaders$AppClassLoader.loadClass(Ljava/lang/String;Z)Ljava/lang/Class;+36 java.base@17.0.4.1
j  java.lang.ClassLoader.loadClass(Ljava/lang/String;)Ljava/lang/Class;+3 java.base@17.0.4.1
v  ~StubRoutines::call_stub
j  org.springframework.boot.SpringApplicationShutdownHook.<init>()V+5
j  org.springframework.boot.SpringApplication.<clinit>()V+12
v  ~StubRoutines::call_stub
j  com.learning.bank.BankApplication.main([Ljava/lang/String;)V+3
v  ~StubRoutines::call_stub

---------------  P R O C E S S  ---------------

Threads class SMR info:
_java_thread_list=0x0000022da8b4c5f0, length=15, elements={
0x0000022d90c16e70, 0x0000022da7b1edf0, 0x0000022da7b20680, 0x0000022da85037d0,
0x0000022da8504640, 0x0000022da8508010, 0x0000022da85095e0, 0x0000022da850ac60,
0x0000022da8514680, 0x0000022da7b0aed0, 0x0000022da86070f0, 0x0000022da89b17e0,
0x0000022da89b1cb0, 0x0000022da8afbaf0, 0x0000022da8ae6880
}

Java Threads: ( => current thread )
=>0x0000022d90c16e70 JavaThread "main" [_thread_in_vm, id=9668, stack(0x0000008500500000,0x0000008500600000)]
  0x0000022da7b1edf0 JavaThread "Reference Handler" daemon [_thread_blocked, id=20060, stack(0x0000008500c00000,0x0000008500d00000)]
  0x0000022da7b20680 JavaThread "Finalizer" daemon [_thread_blocked, id=20132, stack(0x0000008500d00000,0x0000008500e00000)]
  0x0000022da85037d0 JavaThread "Signal Dispatcher" daemon [_thread_blocked, id=27892, stack(0x0000008500e00000,0x0000008500f00000)]
  0x0000022da8504640 JavaThread "Attach Listener" daemon [_thread_blocked, id=3624, stack(0x0000008500f00000,0x0000008501000000)]
  0x0000022da8508010 JavaThread "Service Thread" daemon [_thread_blocked, id=16876, stack(0x0000008501000000,0x0000008501100000)]
  0x0000022da85095e0 JavaThread "Monitor Deflation Thread" daemon [_thread_blocked, id=28292, stack(0x0000008501100000,0x0000008501200000)]
  0x0000022da850ac60 JavaThread "C1 CompilerThread0" daemon [_thread_blocked, id=16388, stack(0x0000008501200000,0x0000008501300000)]
  0x0000022da8514680 JavaThread "Sweeper thread" daemon [_thread_blocked, id=28964, stack(0x0000008501300000,0x0000008501400000)]
  0x0000022da7b0aed0 JavaThread "Common-Cleaner" daemon [_thread_blocked, id=31344, stack(0x0000008501400000,0x0000008501500000)]
  0x0000022da86070f0 JavaThread "C1 CompilerThread1" daemon [_thread_blocked, id=9736, stack(0x0000008501500000,0x0000008501600000)]
  0x0000022da89b17e0 JavaThread "Monitor Ctrl-Break" daemon [_thread_in_native, id=13508, stack(0x0000008501600000,0x0000008501700000)]
  0x0000022da89b1cb0 JavaThread "Notification Thread" daemon [_thread_blocked, id=30084, stack(0x0000008501700000,0x0000008501800000)]
  0x0000022da8afbaf0 JavaThread "C1 CompilerThread2" daemon [_thread_blocked, id=13580, stack(0x0000008501800000,0x0000008501900000)]
  0x0000022da8ae6880 JavaThread "RMI TCP Accept-0" daemon [_thread_in_native, id=18712, stack(0x0000008501900000,0x0000008501a00000)]

Other Threads:
  0x0000022da7b1b3b0 VMThread "VM Thread" [stack: 0x0000008500b00000,0x0000008500c00000] [id=30916]
  0x0000022d90caaae0 WatcherThread [stack: 0x0000008501a00000,0x0000008501b00000] [id=28460]
  0x0000022d90c7de00 GCTaskThread "GC Thread#0" [stack: 0x0000008500600000,0x0000008500700000] [id=9500]
  0x0000022d90c8ea10 ConcurrentGCThread "G1 Main Marker" [stack: 0x0000008500700000,0x0000008500800000] [id=30864]
  0x0000022d90c90430 ConcurrentGCThread "G1 Conc#0" [stack: 0x0000008500800000,0x0000008500900000] [id=3892]
  0x0000022d90ccec90 ConcurrentGCThread "G1 Refine#0" [stack: 0x0000008500900000,0x0000008500a00000] [id=26844]
  0x0000022da79d5ce0 ConcurrentGCThread "G1 Service" [stack: 0x0000008500a00000,0x0000008500b00000] [id=30568]

Threads with active compile tasks:

VM state: not at safepoint (normal execution)

VM Mutex/Monitor currently owned by a thread:  ([mutex/lock_event])
[0x0000022d90c11550] Metaspace_lock - owner thread: 0x0000022d90c16e70

Heap address: 0x0000000703200000, size: 4046 MB, Compressed Oops mode: Zero based, Oop shift amount: 3

CDS archive(s) mapped at: [0x0000000800000000-0x0000000800bc0000-0x0000000800bc0000), size 12320768, SharedBaseAddress: 0x0000000800000000, ArchiveRelocationMode: 0.
Compressed class space mapped at: 0x0000000800c00000-0x0000000840c00000, reserved size: 1073741824
Narrow klass base: 0x0000000800000000, Narrow klass shift: 0, Narrow klass range: 0x100000000

GC Precious Log:
 CPUs: 12 total, 12 available
 Memory: 16178M
 Large Page Support: Disabled
 NUMA Support: Disabled
 Compressed Oops: Enabled (Zero based)
 Heap Region Size: 2M
 Heap Min Capacity: 8M
 Heap Initial Capacity: 254M
 Heap Max Capacity: 4046M
 Pre-touch: Disabled
 Parallel Workers: 10
 Concurrent Workers: 3
 Concurrent Refinement Workers: 10
 Periodic GC: Disabled

Heap:
 garbage-first heap   total 260096K, used 12288K [0x0000000703200000, 0x0000000800000000)
  region size 2048K, 8 young (16384K), 0 survivors (0K)
 Metaspace       used 5619K, committed 5760K, reserved 1056768K
  class space    used 688K, committed 768K, reserved 1048576K

Heap Regions: E=young(eden), S=young(survivor), O=old, HS=humongous(starts), HC=humongous(continues), CS=collection set, F=free, OA=open archive, CA=closed archive, TAMS=top-at-mark-start (previous, next)
|   0|0x0000000703200000, 0x0000000703200000, 0x0000000703400000|  0%| F|  |TAMS 0x0000000703200000, 0x0000000703200000| Untracked 
|   1|0x0000000703400000, 0x0000000703400000, 0x0000000703600000|  0%| F|  |TAMS 0x0000000703400000, 0x0000000703400000| Untracked 
|   2|0x0000000703600000, 0x0000000703600000, 0x0000000703800000|  0%| F|  |TAMS 0x0000000703600000, 0x0000000703600000| Untracked 
|   3|0x0000000703800000, 0x0000000703800000, 0x0000000703a00000|  0%| F|  |TAMS 0x0000000703800000, 0x0000000703800000| Untracked 
|   4|0x0000000703a00000, 0x0000000703a00000, 0x0000000703c00000|  0%| F|  |TAMS 0x0000000703a00000, 0x0000000703a00000| Untracked 
|   5|0x0000000703c00000, 0x0000000703c00000, 0x0000000703e00000|  0%| F|  |TAMS 0x0000000703c00000, 0x0000000703c00000| Untracked 
|   6|0x0000000703e00000, 0x0000000703e00000, 0x0000000704000000|  0%| F|  |TAMS 0x0000000703e00000, 0x0000000703e00000| Untracked 
|   7|0x0000000704000000, 0x0000000704000000, 0x0000000704200000|  0%| F|  |TAMS 0x0000000704000000, 0x0000000704000000| Untracked 
|   8|0x0000000704200000, 0x0000000704200000, 0x0000000704400000|  0%| F|  |TAMS 0x0000000704200000, 0x0000000704200000| Untracked 
|   9|0x0000000704400000, 0x0000000704400000, 0x0000000704600000|  0%| F|  |TAMS 0x0000000704400000, 0x0000000704400000| Untracked 
|  10|0x0000000704600000, 0x0000000704600000, 0x0000000704800000|  0%| F|  |TAMS 0x0000000704600000, 0x0000000704600000| Untracked 
|  11|0x0000000704800000, 0x0000000704800000, 0x0000000704a00000|  0%| F|  |TAMS 0x0000000704800000, 0x0000000704800000| Untracked 
|  12|0x0000000704a00000, 0x0000000704a00000, 0x0000000704c00000|  0%| F|  |TAMS 0x0000000704a00000, 0x0000000704a00000| Untracked 
|  13|0x0000000704c00000, 0x0000000704c00000, 0x0000000704e00000|  0%| F|  |TAMS 0x0000000704c00000, 0x0000000704c00000| Untracked 
|  14|0x0000000704e00000, 0x0000000704e00000, 0x0000000705000000|  0%| F|  |TAMS 0x0000000704e00000, 0x0000000704e00000| Untracked 
|  15|0x0000000705000000, 0x0000000705000000, 0x0000000705200000|  0%| F|  |TAMS 0x0000000705000000, 0x0000000705000000| Untracked 
|  16|0x0000000705200000, 0x0000000705200000, 0x0000000705400000|  0%| F|  |TAMS 0x0000000705200000, 0x0000000705200000| Untracked 
|  17|0x0000000705400000, 0x0000000705400000, 0x0000000705600000|  0%| F|  |TAMS 0x0000000705400000, 0x0000000705400000| Untracked 
|  18|0x0000000705600000, 0x0000000705600000, 0x0000000705800000|  0%| F|  |TAMS 0x0000000705600000, 0x0000000705600000| Untracked 
|  19|0x0000000705800000, 0x0000000705800000, 0x0000000705a00000|  0%| F|  |TAMS 0x0000000705800000, 0x0000000705800000| Untracked 
|  20|0x0000000705a00000, 0x0000000705a00000, 0x0000000705c00000|  0%| F|  |TAMS 0x0000000705a00000, 0x0000000705a00000| Untracked 
|  21|0x0000000705c00000, 0x0000000705c00000, 0x0000000705e00000|  0%| F|  |TAMS 0x0000000705c00000, 0x0000000705c00000| Untracked 
|  22|0x0000000705e00000, 0x0000000705e00000, 0x0000000706000000|  0%| F|  |TAMS 0x0000000705e00000, 0x0000000705e00000| Untracked 
|  23|0x0000000706000000, 0x0000000706000000, 0x0000000706200000|  0%| F|  |TAMS 0x0000000706000000, 0x0000000706000000| Untracked 
|  24|0x0000000706200000, 0x0000000706200000, 0x0000000706400000|  0%| F|  |TAMS 0x0000000706200000, 0x0000000706200000| Untracked 
|  25|0x0000000706400000, 0x0000000706400000, 0x0000000706600000|  0%| F|  |TAMS 0x0000000706400000, 0x0000000706400000| Untracked 
|  26|0x0000000706600000, 0x0000000706600000, 0x0000000706800000|  0%| F|  |TAMS 0x0000000706600000, 0x0000000706600000| Untracked 
|  27|0x0000000706800000, 0x0000000706800000, 0x0000000706a00000|  0%| F|  |TAMS 0x0000000706800000, 0x0000000706800000| Untracked 
|  28|0x0000000706a00000, 0x0000000706a00000, 0x0000000706c00000|  0%| F|  |TAMS 0x0000000706a00000, 0x0000000706a00000| Untracked 
|  29|0x0000000706c00000, 0x0000000706c00000, 0x0000000706e00000|  0%| F|  |TAMS 0x0000000706c00000, 0x0000000706c00000| Untracked 
|  30|0x0000000706e00000, 0x0000000706e00000, 0x0000000707000000|  0%| F|  |TAMS 0x0000000706e00000, 0x0000000706e00000| Untracked 
|  31|0x0000000707000000, 0x0000000707000000, 0x0000000707200000|  0%| F|  |TAMS 0x0000000707000000, 0x0000000707000000| Untracked 
|  32|0x0000000707200000, 0x0000000707200000, 0x0000000707400000|  0%| F|  |TAMS 0x0000000707200000, 0x0000000707200000| Untracked 
|  33|0x0000000707400000, 0x0000000707400000, 0x0000000707600000|  0%| F|  |TAMS 0x0000000707400000, 0x0000000707400000| Untracked 
|  34|0x0000000707600000, 0x0000000707600000, 0x0000000707800000|  0%| F|  |TAMS 0x0000000707600000, 0x0000000707600000| Untracked 
|  35|0x0000000707800000, 0x0000000707800000, 0x0000000707a00000|  0%| F|  |TAMS 0x0000000707800000, 0x0000000707800000| Untracked 
|  36|0x0000000707a00000, 0x0000000707a00000, 0x0000000707c00000|  0%| F|  |TAMS 0x0000000707a00000, 0x0000000707a00000| Untracked 
|  37|0x0000000707c00000, 0x0000000707c00000, 0x0000000707e00000|  0%| F|  |TAMS 0x0000000707c00000, 0x0000000707c00000| Untracked 
|  38|0x0000000707e00000, 0x0000000707e00000, 0x0000000708000000|  0%| F|  |TAMS 0x0000000707e00000, 0x0000000707e00000| Untracked 
|  39|0x0000000708000000, 0x0000000708000000, 0x0000000708200000|  0%| F|  |TAMS 0x0000000708000000, 0x0000000708000000| Untracked 
|  40|0x0000000708200000, 0x0000000708200000, 0x0000000708400000|  0%| F|  |TAMS 0x0000000708200000, 0x0000000708200000| Untracked 
|  41|0x0000000708400000, 0x0000000708400000, 0x0000000708600000|  0%| F|  |TAMS 0x0000000708400000, 0x0000000708400000| Untracked 
|  42|0x0000000708600000, 0x0000000708600000, 0x0000000708800000|  0%| F|  |TAMS 0x0000000708600000, 0x0000000708600000| Untracked 
|  43|0x0000000708800000, 0x0000000708800000, 0x0000000708a00000|  0%| F|  |TAMS 0x0000000708800000, 0x0000000708800000| Untracked 
|  44|0x0000000708a00000, 0x0000000708a00000, 0x0000000708c00000|  0%| F|  |TAMS 0x0000000708a00000, 0x0000000708a00000| Untracked 
|  45|0x0000000708c00000, 0x0000000708c00000, 0x0000000708e00000|  0%| F|  |TAMS 0x0000000708c00000, 0x0000000708c00000| Untracked 
|  46|0x0000000708e00000, 0x0000000708e00000, 0x0000000709000000|  0%| F|  |TAMS 0x0000000708e00000, 0x0000000708e00000| Untracked 
|  47|0x0000000709000000, 0x0000000709000000, 0x0000000709200000|  0%| F|  |TAMS 0x0000000709000000, 0x0000000709000000| Untracked 
|  48|0x0000000709200000, 0x0000000709200000, 0x0000000709400000|  0%| F|  |TAMS 0x0000000709200000, 0x0000000709200000| Untracked 
|  49|0x0000000709400000, 0x0000000709400000, 0x0000000709600000|  0%| F|  |TAMS 0x0000000709400000, 0x0000000709400000| Untracked 
|  50|0x0000000709600000, 0x0000000709600000, 0x0000000709800000|  0%| F|  |TAMS 0x0000000709600000, 0x0000000709600000| Untracked 
|  51|0x0000000709800000, 0x0000000709800000, 0x0000000709a00000|  0%| F|  |TAMS 0x0000000709800000, 0x0000000709800000| Untracked 
|  52|0x0000000709a00000, 0x0000000709a00000, 0x0000000709c00000|  0%| F|  |TAMS 0x0000000709a00000, 0x0000000709a00000| Untracked 
|  53|0x0000000709c00000, 0x0000000709c00000, 0x0000000709e00000|  0%| F|  |TAMS 0x0000000709c00000, 0x0000000709c00000| Untracked 
|  54|0x0000000709e00000, 0x0000000709e00000, 0x000000070a000000|  0%| F|  |TAMS 0x0000000709e00000, 0x0000000709e00000| Untracked 
|  55|0x000000070a000000, 0x000000070a000000, 0x000000070a200000|  0%| F|  |TAMS 0x000000070a000000, 0x000000070a000000| Untracked 
|  56|0x000000070a200000, 0x000000070a200000, 0x000000070a400000|  0%| F|  |TAMS 0x000000070a200000, 0x000000070a200000| Untracked 
|  57|0x000000070a400000, 0x000000070a400000, 0x000000070a600000|  0%| F|  |TAMS 0x000000070a400000, 0x000000070a400000| Untracked 
|  58|0x000000070a600000, 0x000000070a600000, 0x000000070a800000|  0%| F|  |TAMS 0x000000070a600000, 0x000000070a600000| Untracked 
|  59|0x000000070a800000, 0x000000070a800000, 0x000000070aa00000|  0%| F|  |TAMS 0x000000070a800000, 0x000000070a800000| Untracked 
|  60|0x000000070aa00000, 0x000000070aa00000, 0x000000070ac00000|  0%| F|  |TAMS 0x000000070aa00000, 0x000000070aa00000| Untracked 
|  61|0x000000070ac00000, 0x000000070ac00000, 0x000000070ae00000|  0%| F|  |TAMS 0x000000070ac00000, 0x000000070ac00000| Untracked 
|  62|0x000000070ae00000, 0x000000070ae00000, 0x000000070b000000|  0%| F|  |TAMS 0x000000070ae00000, 0x000000070ae00000| Untracked 
|  63|0x000000070b000000, 0x000000070b000000, 0x000000070b200000|  0%| F|  |TAMS 0x000000070b000000, 0x000000070b000000| Untracked 
|  64|0x000000070b200000, 0x000000070b200000, 0x000000070b400000|  0%| F|  |TAMS 0x000000070b200000, 0x000000070b200000| Untracked 
|  65|0x000000070b400000, 0x000000070b400000, 0x000000070b600000|  0%| F|  |TAMS 0x000000070b400000, 0x000000070b400000| Untracked 
|  66|0x000000070b600000, 0x000000070b600000, 0x000000070b800000|  0%| F|  |TAMS 0x000000070b600000, 0x000000070b600000| Untracked 
|  67|0x000000070b800000, 0x000000070b800000, 0x000000070ba00000|  0%| F|  |TAMS 0x000000070b800000, 0x000000070b800000| Untracked 
|  68|0x000000070ba00000, 0x000000070ba00000, 0x000000070bc00000|  0%| F|  |TAMS 0x000000070ba00000, 0x000000070ba00000| Untracked 
|  69|0x000000070bc00000, 0x000000070bc00000, 0x000000070be00000|  0%| F|  |TAMS 0x000000070bc00000, 0x000000070bc00000| Untracked 
|  70|0x000000070be00000, 0x000000070be00000, 0x000000070c000000|  0%| F|  |TAMS 0x000000070be00000, 0x000000070be00000| Untracked 
|  71|0x000000070c000000, 0x000000070c000000, 0x000000070c200000|  0%| F|  |TAMS 0x000000070c000000, 0x000000070c000000| Untracked 
|  72|0x000000070c200000, 0x000000070c200000, 0x000000070c400000|  0%| F|  |TAMS 0x000000070c200000, 0x000000070c200000| Untracked 
|  73|0x000000070c400000, 0x000000070c400000, 0x000000070c600000|  0%| F|  |TAMS 0x000000070c400000, 0x000000070c400000| Untracked 
|  74|0x000000070c600000, 0x000000070c600000, 0x000000070c800000|  0%| F|  |TAMS 0x000000070c600000, 0x000000070c600000| Untracked 
|  75|0x000000070c800000, 0x000000070c800000, 0x000000070ca00000|  0%| F|  |TAMS 0x000000070c800000, 0x000000070c800000| Untracked 
|  76|0x000000070ca00000, 0x000000070ca00000, 0x000000070cc00000|  0%| F|  |TAMS 0x000000070ca00000, 0x000000070ca00000| Untracked 
|  77|0x000000070cc00000, 0x000000070cc00000, 0x000000070ce00000|  0%| F|  |TAMS 0x000000070cc00000, 0x000000070cc00000| Untracked 
|  78|0x000000070ce00000, 0x000000070ce00000, 0x000000070d000000|  0%| F|  |TAMS 0x000000070ce00000, 0x000000070ce00000| Untracked 
|  79|0x000000070d000000, 0x000000070d000000, 0x000000070d200000|  0%| F|  |TAMS 0x000000070d000000, 0x000000070d000000| Untracked 
|  80|0x000000070d200000, 0x000000070d200000, 0x000000070d400000|  0%| F|  |TAMS 0x000000070d200000, 0x000000070d200000| Untracked 
|  81|0x000000070d400000, 0x000000070d400000, 0x000000070d600000|  0%| F|  |TAMS 0x000000070d400000, 0x000000070d400000| Untracked 
|  82|0x000000070d600000, 0x000000070d600000, 0x000000070d800000|  0%| F|  |TAMS 0x000000070d600000, 0x000000070d600000| Untracked 
|  83|0x000000070d800000, 0x000000070d800000, 0x000000070da00000|  0%| F|  |TAMS 0x000000070d800000, 0x000000070d800000| Untracked 
|  84|0x000000070da00000, 0x000000070da00000, 0x000000070dc00000|  0%| F|  |TAMS 0x000000070da00000, 0x000000070da00000| Untracked 
|  85|0x000000070dc00000, 0x000000070dc00000, 0x000000070de00000|  0%| F|  |TAMS 0x000000070dc00000, 0x000000070dc00000| Untracked 
|  86|0x000000070de00000, 0x000000070de00000, 0x000000070e000000|  0%| F|  |TAMS 0x000000070de00000, 0x000000070de00000| Untracked 
|  87|0x000000070e000000, 0x000000070e000000, 0x000000070e200000|  0%| F|  |TAMS 0x000000070e000000, 0x000000070e000000| Untracked 
|  88|0x000000070e200000, 0x000000070e200000, 0x000000070e400000|  0%| F|  |TAMS 0x000000070e200000, 0x000000070e200000| Untracked 
|  89|0x000000070e400000, 0x000000070e400000, 0x000000070e600000|  0%| F|  |TAMS 0x000000070e400000, 0x000000070e400000| Untracked 
|  90|0x000000070e600000, 0x000000070e600000, 0x000000070e800000|  0%| F|  |TAMS 0x000000070e600000, 0x000000070e600000| Untracked 
|  91|0x000000070e800000, 0x000000070e800000, 0x000000070ea00000|  0%| F|  |TAMS 0x000000070e800000, 0x000000070e800000| Untracked 
|  92|0x000000070ea00000, 0x000000070ea00000, 0x000000070ec00000|  0%| F|  |TAMS 0x000000070ea00000, 0x000000070ea00000| Untracked 
|  93|0x000000070ec00000, 0x000000070ec00000, 0x000000070ee00000|  0%| F|  |TAMS 0x000000070ec00000, 0x000000070ec00000| Untracked 
|  94|0x000000070ee00000, 0x000000070ee00000, 0x000000070f000000|  0%| F|  |TAMS 0x000000070ee00000, 0x000000070ee00000| Untracked 
|  95|0x000000070f000000, 0x000000070f000000, 0x000000070f200000|  0%| F|  |TAMS 0x000000070f000000, 0x000000070f000000| Untracked 
|  96|0x000000070f200000, 0x000000070f200000, 0x000000070f400000|  0%| F|  |TAMS 0x000000070f200000, 0x000000070f200000| Untracked 
|  97|0x000000070f400000, 0x000000070f400000, 0x000000070f600000|  0%| F|  |TAMS 0x000000070f400000, 0x000000070f400000| Untracked 
|  98|0x000000070f600000, 0x000000070f600000, 0x000000070f800000|  0%| F|  |TAMS 0x000000070f600000, 0x000000070f600000| Untracked 
|  99|0x000000070f800000, 0x000000070f800000, 0x000000070fa00000|  0%| F|  |TAMS 0x000000070f800000, 0x000000070f800000| Untracked 
| 100|0x000000070fa00000, 0x000000070fa00000, 0x000000070fc00000|  0%| F|  |TAMS 0x000000070fa00000, 0x000000070fa00000| Untracked 
| 101|0x000000070fc00000, 0x000000070fc00000, 0x000000070fe00000|  0%| F|  |TAMS 0x000000070fc00000, 0x000000070fc00000| Untracked 
| 102|0x000000070fe00000, 0x000000070fe00000, 0x0000000710000000|  0%| F|  |TAMS 0x000000070fe00000, 0x000000070fe00000| Untracked 
| 103|0x0000000710000000, 0x0000000710000000, 0x0000000710200000|  0%| F|  |TAMS 0x0000000710000000, 0x0000000710000000| Untracked 
| 104|0x0000000710200000, 0x0000000710200000, 0x0000000710400000|  0%| F|  |TAMS 0x0000000710200000, 0x0000000710200000| Untracked 
| 105|0x0000000710400000, 0x0000000710400000, 0x0000000710600000|  0%| F|  |TAMS 0x0000000710400000, 0x0000000710400000| Untracked 
| 106|0x0000000710600000, 0x0000000710600000, 0x0000000710800000|  0%| F|  |TAMS 0x0000000710600000, 0x0000000710600000| Untracked 
| 107|0x0000000710800000, 0x0000000710800000, 0x0000000710a00000|  0%| F|  |TAMS 0x0000000710800000, 0x0000000710800000| Untracked 
| 108|0x0000000710a00000, 0x0000000710a00000, 0x0000000710c00000|  0%| F|  |TAMS 0x0000000710a00000, 0x0000000710a00000| Untracked 
| 109|0x0000000710c00000, 0x0000000710c00000, 0x0000000710e00000|  0%| F|  |TAMS 0x0000000710c00000, 0x0000000710c00000| Untracked 
| 110|0x0000000710e00000, 0x0000000710e00000, 0x0000000711000000|  0%| F|  |TAMS 0x0000000710e00000, 0x0000000710e00000| Untracked 
| 111|0x0000000711000000, 0x0000000711000000, 0x0000000711200000|  0%| F|  |TAMS 0x0000000711000000, 0x0000000711000000| Untracked 
| 112|0x0000000711200000, 0x0000000711200000, 0x0000000711400000|  0%| F|  |TAMS 0x0000000711200000, 0x0000000711200000| Untracked 
| 113|0x0000000711400000, 0x0000000711400000, 0x0000000711600000|  0%| F|  |TAMS 0x0000000711400000, 0x0000000711400000| Untracked 
| 114|0x0000000711600000, 0x0000000711600000, 0x0000000711800000|  0%| F|  |TAMS 0x0000000711600000, 0x0000000711600000| Untracked 
| 115|0x0000000711800000, 0x0000000711800000, 0x0000000711a00000|  0%| F|  |TAMS 0x0000000711800000, 0x0000000711800000| Untracked 
| 116|0x0000000711a00000, 0x0000000711a00000, 0x0000000711c00000|  0%| F|  |TAMS 0x0000000711a00000, 0x0000000711a00000| Untracked 
| 117|0x0000000711c00000, 0x0000000711c00000, 0x0000000711e00000|  0%| F|  |TAMS 0x0000000711c00000, 0x0000000711c00000| Untracked 
| 118|0x0000000711e00000, 0x0000000711e00000, 0x0000000712000000|  0%| F|  |TAMS 0x0000000711e00000, 0x0000000711e00000| Untracked 
| 119|0x0000000712000000, 0x00000007121c3798, 0x0000000712200000| 88%| E|  |TAMS 0x0000000712000000, 0x0000000712000000| Complete 
| 120|0x0000000712200000, 0x0000000712400000, 0x0000000712400000|100%| E|CS|TAMS 0x0000000712200000, 0x0000000712200000| Complete 
| 121|0x0000000712400000, 0x0000000712600000, 0x0000000712600000|100%| E|CS|TAMS 0x0000000712400000, 0x0000000712400000| Complete 
| 122|0x0000000712600000, 0x0000000712800000, 0x0000000712800000|100%| E|CS|TAMS 0x0000000712600000, 0x0000000712600000| Complete 
| 123|0x0000000712800000, 0x0000000712a00000, 0x0000000712a00000|100%| E|CS|TAMS 0x0000000712800000, 0x0000000712800000| Complete 
| 124|0x0000000712a00000, 0x0000000712c00000, 0x0000000712c00000|100%| E|  |TAMS 0x0000000712a00000, 0x0000000712a00000| Complete 
| 125|0x0000000712c00000, 0x0000000712e00000, 0x0000000712e00000|100%| E|CS|TAMS 0x0000000712c00000, 0x0000000712c00000| Complete 
| 126|0x0000000712e00000, 0x0000000713000000, 0x0000000713000000|100%| E|CS|TAMS 0x0000000712e00000, 0x0000000712e00000| Complete 

Card table byte_map: [0x0000022d9bfa0000,0x0000022d9c790000] _byte_map_base: 0x0000022d98787000

Marking Bits (Prev, Next): (CMBitMap*) 0x0000022d90c7e410, (CMBitMap*) 0x0000022d90c7e450
 Prev Bits: [0x0000022d9cf80000, 0x0000022da0eb8000)
 Next Bits: [0x0000022da0ec0000, 0x0000022da4df8000)

Polling page: 0x0000022d903d0000

Metaspace:

Usage:
  Non-class:      4.82 MB used.
      Class:    688.85 KB used.
       Both:      5.49 MB used.

Virtual space:
  Non-class space:        8.00 MB reserved,       4.88 MB ( 61%) committed,  1 nodes.
      Class space:        1.00 GB reserved,     768.00 KB ( <1%) committed,  1 nodes.
             Both:        1.01 GB reserved,       5.62 MB ( <1%) committed. 

Chunk freelists:
   Non-Class:  2.17 MB
       Class:  3.14 MB
        Both:  5.31 MB

MaxMetaspaceSize: unlimited
CompressedClassSpaceSize: 1.00 GB
Initial GC threshold: 21.00 MB
Current GC threshold: 21.00 MB
CDS: on
MetaspaceReclaimPolicy: balanced
 - commit_granule_bytes: 65536.
 - commit_granule_words: 8192.
 - virtual_space_node_default_size: 1048576.
 - enlarge_chunks_in_place: 1.
 - new_chunks_are_fully_committed: 0.
 - uncommit_free_chunks: 1.
 - use_allocation_guard: 0.
 - handle_deallocations: 1.


Internal statistics:

num_allocs_failed_limit: 0.
num_arena_births: 104.
num_arena_deaths: 0.
num_vsnodes_births: 2.
num_vsnodes_deaths: 0.
num_space_committed: 90.
num_space_uncommitted: 0.
num_chunks_returned_to_freelist: 0.
num_chunks_taken_from_freelist: 158.
num_chunk_merges: 0.
num_chunk_splits: 106.
num_chunks_enlarged: 66.
num_purges: 0.
num_inconsistent_stats: 0.

CodeCache: size=49152Kb used=3701Kb max_used=3701Kb free=45450Kb
 bounds [0x0000022d98470000, 0x0000022d98810000, 0x0000022d9b470000]
 total_blobs=1479 nmethods=1027 adapters=378
 compilation: enabled
              stopped_count=0, restarted_count=0
 full_count=0

Compilation events (20 events):
Event: 0.530 Thread 0x0000022da86070f0 1017       1       java.time.ZoneOffset::getTotalSeconds (5 bytes)
Event: 0.530 Thread 0x0000022da8afbaf0 nmethod 1014 0x0000022d98807a90 code [0x0000022d98807c20, 0x0000022d98807cf8]
Event: 0.530 Thread 0x0000022da86070f0 nmethod 1017 0x0000022d98807d90 code [0x0000022d98807f20, 0x0000022d98807ff8]
Event: 0.530 Thread 0x0000022da8afbaf0 1018       1       java.lang.invoke.MethodHandleNatives::isCallerSensitive (29 bytes)
Event: 0.530 Thread 0x0000022da850ac60 1019       1       java.lang.invoke.MethodHandleNatives::canBeCalledVirtual (50 bytes)
Event: 0.531 Thread 0x0000022da8afbaf0 nmethod 1018 0x0000022d98808090 code [0x0000022d98808220, 0x0000022d988083a8]
Event: 0.531 Thread 0x0000022da850ac60 nmethod 1019 0x0000022d98808490 code [0x0000022d98808640, 0x0000022d98808808]
Event: 0.532 Thread 0x0000022da8afbaf0 1020       1       java.lang.reflect.Constructor::getDeclaringClass (5 bytes)
Event: 0.532 Thread 0x0000022da8afbaf0 nmethod 1020 0x0000022d98809210 code [0x0000022d988093a0, 0x0000022d98809478]
Event: 0.533 Thread 0x0000022da8afbaf0 1021       1       java.io.FilterInputStream::<init> (10 bytes)
Event: 0.533 Thread 0x0000022da8afbaf0 nmethod 1021 0x0000022d98809510 code [0x0000022d988096a0, 0x0000022d988097b8]
Event: 0.535 Thread 0x0000022da8afbaf0 1022       1       sun.net.util.URLUtil::urlNoFragString (114 bytes)
Event: 0.535 Thread 0x0000022da850ac60 1023       1       java.net.URL::getDefaultPort (8 bytes)
Event: 0.536 Thread 0x0000022da850ac60 nmethod 1023 0x0000022d98809810 code [0x0000022d988099a0, 0x0000022d98809a78]
Event: 0.536 Thread 0x0000022da8afbaf0 nmethod 1022 0x0000022d98809b10 code [0x0000022d98809d60, 0x0000022d9880a2a8]
Event: 0.539 Thread 0x0000022da8afbaf0 1024   !   1       java.util.concurrent.ConcurrentHashMap::computeIfAbsent (576 bytes)
Event: 0.539 Thread 0x0000022da850ac60 1025       1       java.lang.System$2::findBootstrapClassOrNull (5 bytes)
Event: 0.539 Thread 0x0000022da86070f0 1026       1       java.lang.ClassLoader::findBootstrapClassOrNull (14 bytes)
Event: 0.539 Thread 0x0000022da850ac60 nmethod 1025 0x0000022d9880aa90 code [0x0000022d9880ac40, 0x0000022d9880ad58]
Event: 0.540 Thread 0x0000022da86070f0 nmethod 1026 0x0000022d9880ae10 code [0x0000022d9880afc0, 0x0000022d9880b0d8]

GC Heap History (0 events):
No events

Deoptimization events (0 events):
No events

Classes unloaded (0 events):
No events

Classes redefined (0 events):
No events

Internal exceptions (14 events):
Event: 0.202 Thread 0x0000022da89b17e0 Exception <a 'java/lang/NoSuchMethodError'{0x0000000712604638}: 'java.lang.Object java.lang.invoke.DirectMethodHandle$Holder.invokeStaticInit(java.lang.Object)'> (0x0000000712604638) 
thrown [s\open\src\hotspot\share\interpreter\linkResolver.cpp, line 759]
Event: 0.213 Thread 0x0000022da89b17e0 Exception <a 'java/lang/NoSuchMethodError'{0x0000000712611e68}: 'void java.lang.invoke.DirectMethodHandle$Holder.invokeStatic(java.lang.Object, java.lang.Object)'> (0x0000000712611e68) 
thrown [s\open\src\hotspot\share\interpreter\linkResolver.cpp, line 759]
Event: 0.229 Thread 0x0000022d90c16e70 Exception <a 'java/lang/NoSuchMethodError'{0x00000007129ee838}: 'int java.lang.invoke.DirectMethodHandle$Holder.invokeInterface(java.lang.Object, java.lang.Object)'> (0x00000007129ee838) 
thrown [s\open\src\hotspot\share\interpreter\linkResolver.cpp, line 759]
Event: 0.230 Thread 0x0000022d90c16e70 Exception <a 'java/lang/IncompatibleClassChangeError'{0x00000007129f1e38}: Found class java.lang.Object, but interface was expected> (0x00000007129f1e38) 
thrown [s\open\src\hotspot\share\interpreter\linkResolver.cpp, line 826]
Event: 0.270 Thread 0x0000022d90c16e70 Exception <a 'java/lang/NoSuchMethodError'{0x000000071272eb90}: 'int java.lang.invoke.DirectMethodHandle$Holder.invokeSpecial(java.lang.Object, java.lang.Object, java.lang.Object)'> (0x000000071272eb90) 
thrown [s\open\src\hotspot\share\interpreter\linkResolver.cpp, line 759]
Event: 0.305 Thread 0x0000022d90c16e70 Exception <a 'java/lang/NoSuchMethodError'{0x00000007124293e8}: 'void java.lang.invoke.DirectMethodHandle$Holder.invokeStatic(java.lang.Object, java.lang.Object, java.lang.Object)'> (0x00000007124293e8) 
thrown [s\open\src\hotspot\share\interpreter\linkResolver.cpp, line 759]
Event: 0.313 Thread 0x0000022d90c16e70 Exception <a 'java/lang/NoSuchMethodError'{0x0000000712466040}: 'int java.lang.invoke.DirectMethodHandle$Holder.invokeSpecialIFC(java.lang.Object, java.lang.Object, java.lang.Object)'> (0x0000000712466040) 
thrown [s\open\src\hotspot\share\interpreter\linkResolver.cpp, line 759]
Event: 0.330 Thread 0x0000022d90c16e70 Exception <a 'java/lang/NoSuchMethodError'{0x00000007124dc620}: 'java.lang.Object java.lang.invoke.DirectMethodHandle$Holder.invokeStaticInit(java.lang.Object, int, int, int, int)'> (0x00000007124dc620) 
thrown [s\open\src\hotspot\share\interpreter\linkResolver.cpp, line 759]
Event: 0.402 Thread 0x0000022d90c16e70 Exception <a 'java/lang/NoSuchMethodError'{0x00000007125550a8}: 'java.lang.Object java.lang.invoke.DirectMethodHandle$Holder.invokeStaticInit(java.lang.Object, java.lang.Object, int, int, int, int)'> (0x00000007125550a8) 
thrown [s\open\src\hotspot\share\interpreter\linkResolver.cpp, line 759]
Event: 0.415 Thread 0x0000022d90c16e70 Exception <a 'java/lang/ClassNotFoundException'{0x00000007125735a0}: javax/management/remote/rmi/RMIServerImpl_Skel> (0x00000007125735a0) 
thrown [s\open\src\hotspot\share\classfile\systemDictionary.cpp, line 256]
Event: 0.492 Thread 0x0000022d90c16e70 Exception <a 'java/lang/ClassNotFoundException'{0x0000000712000318}: javax/smartcardio/CardPermission> (0x0000000712000318) 
thrown [s\open\src\hotspot\share\classfile\systemDictionary.cpp, line 256]
Event: 0.495 Thread 0x0000022d90c16e70 Exception <a 'java/io/FileNotFoundException'{0x000000071200e8f0}> (0x000000071200e8f0) 
thrown [s\open\src\hotspot\share\prims\jni.cpp, line 516]
Event: 0.506 Thread 0x0000022d90c16e70 Exception <a 'java/lang/NoSuchMethodError'{0x000000071206b780}: 'java.lang.Object java.lang.invoke.DirectMethodHandle$Holder.invokeSpecial(java.lang.Object, java.lang.Object, java.lang.Object, long, java.lang.Object)'> (0x000000071206b780) 
thrown [s\open\src\hotspot\share\interpreter\linkResolver.cpp, line 759]
Event: 0.507 Thread 0x0000022d90c16e70 Exception <a 'java/lang/NoSuchMethodError'{0x000000071206f350}: 'java.lang.Object java.lang.invoke.Invokers$Holder.linkToTargetMethod(java.lang.Object, long, java.lang.Object, java.lang.Object)'> (0x000000071206f350) 
thrown [s\open\src\hotspot\share\interpreter\linkResolver.cpp, line 759]

VM Operations (10 events):
Event: 0.088 Executing VM operation: HandshakeAllThreads
Event: 0.088 Executing VM operation: HandshakeAllThreads done
Event: 0.200 Executing VM operation: HandshakeAllThreads
Event: 0.200 Executing VM operation: HandshakeAllThreads done
Event: 0.322 Executing VM operation: HandshakeAllThreads
Event: 0.322 Executing VM operation: HandshakeAllThreads done
Event: 0.460 Executing VM operation: HandshakeAllThreads
Event: 0.460 Executing VM operation: HandshakeAllThreads done
Event: 0.464 Executing VM operation: HandshakeAllThreads
Event: 0.464 Executing VM operation: HandshakeAllThreads done

Events (20 events):
Event: 0.525 loading class java/time/zone/ZoneRulesProvider$1
Event: 0.525 loading class java/time/zone/ZoneRulesProvider$1 done
Event: 0.525 loading class java/time/zone/TzdbZoneRulesProvider
Event: 0.526 loading class java/time/zone/TzdbZoneRulesProvider done
Event: 0.528 loading class java/time/zone/Ser
Event: 0.528 loading class java/time/zone/Ser done
Event: 0.528 loading class java/time/Month
Event: 0.528 loading class java/time/Month done
Event: 0.529 loading class java/time/DayOfWeek
Event: 0.529 loading class java/time/DayOfWeek done
Event: 0.529 loading class java/time/zone/ZoneOffsetTransitionRule$TimeDefinition
Event: 0.529 loading class java/time/zone/ZoneOffsetTransitionRule$TimeDefinition done
Event: 0.530 loading class java/time/zone/ZoneOffsetTransition
Event: 0.530 loading class java/time/zone/ZoneOffsetTransition done
Event: 0.532 loading class java/util/concurrent/atomic/AtomicReference
Event: 0.532 loading class java/util/concurrent/atomic/AtomicReference done
Event: 0.534 loading class java/lang/NumberFormatException
Event: 0.534 loading class java/lang/NumberFormatException done
Event: 0.539 loading class java/util/concurrent/TimeoutException
Event: 0.539 loading class java/util/concurrent/TimeoutException done


Dynamic libraries:
0x00007ff642f10000 - 0x00007ff642f20000 	C:\Program Files\Java\jdk-17.0.4.1\bin\java.exe
0x00007fff820b0000 - 0x00007fff822c7000 	C:\WINDOWS\SYSTEM32\ntdll.dll
0x00007fff80610000 - 0x00007fff806d4000 	C:\WINDOWS\System32\KERNEL32.DLL
0x00007fff7fa10000 - 0x00007fff7fdc9000 	C:\WINDOWS\System32\KERNELBASE.dll
0x00007fff7f8f0000 - 0x00007fff7fa01000 	C:\WINDOWS\System32\ucrtbase.dll
0x00007fff59220000 - 0x00007fff59238000 	C:\Program Files\Java\jdk-17.0.4.1\bin\jli.dll
0x00007fff778e0000 - 0x00007fff778fa000 	C:\Program Files\Java\jdk-17.0.4.1\bin\VCRUNTIME140.dll
0x00007fff80eb0000 - 0x00007fff80f62000 	C:\WINDOWS\System32\ADVAPI32.dll
0x00007fff80c40000 - 0x00007fff80ce7000 	C:\WINDOWS\System32\msvcrt.dll
0x00007fff81c70000 - 0x00007fff81d17000 	C:\WINDOWS\System32\sechost.dll
0x00007fff7f840000 - 0x00007fff7f868000 	C:\WINDOWS\System32\bcrypt.dll
0x00007fff7fe40000 - 0x00007fff7ff54000 	C:\WINDOWS\System32\RPCRT4.dll
0x00007fff80d00000 - 0x00007fff80eae000 	C:\WINDOWS\System32\USER32.dll
0x00007fff7f630000 - 0x00007fff7f656000 	C:\WINDOWS\System32\win32u.dll
0x00007fff6a390000 - 0x00007fff6a622000 	C:\WINDOWS\WinSxS\amd64_microsoft.windows.common-controls_6595b64144ccf1df_6.0.22621.4391_none_2715d37f73803e96\COMCTL32.dll
0x00007fff80c10000 - 0x00007fff80c39000 	C:\WINDOWS\System32\GDI32.dll
0x00007fff7f510000 - 0x00007fff7f62b000 	C:\WINDOWS\System32\gdi32full.dll
0x00007fff7f470000 - 0x00007fff7f50a000 	C:\WINDOWS\System32\msvcp_win.dll
0x00007fff76cb0000 - 0x00007fff76cba000 	C:\WINDOWS\SYSTEM32\VERSION.dll
0x00007fff80700000 - 0x00007fff80731000 	C:\WINDOWS\System32\IMM32.DLL
0x00007fff66200000 - 0x00007fff6620c000 	C:\Program Files\Java\jdk-17.0.4.1\bin\vcruntime140_1.dll
0x00007fff429c0000 - 0x00007fff42a4d000 	C:\Program Files\Java\jdk-17.0.4.1\bin\msvcp140.dll
0x00007ffe94310000 - 0x00007ffe94ed2000 	C:\Program Files\Java\jdk-17.0.4.1\bin\server\jvm.dll
0x00007fff7fe20000 - 0x00007fff7fe28000 	C:\WINDOWS\System32\PSAPI.DLL
0x00007fff77780000 - 0x00007fff777b4000 	C:\WINDOWS\SYSTEM32\WINMM.dll
0x00007fff64880000 - 0x00007fff64889000 	C:\WINDOWS\SYSTEM32\WSOCK32.dll
0x00007fff80120000 - 0x00007fff80191000 	C:\WINDOWS\System32\WS2_32.dll
0x00007fff7e440000 - 0x00007fff7e458000 	C:\WINDOWS\SYSTEM32\kernel.appcore.dll
0x00007fff661a0000 - 0x00007fff661aa000 	C:\Program Files\Java\jdk-17.0.4.1\bin\jimage.dll
0x00007fff754c0000 - 0x00007fff756f2000 	C:\WINDOWS\SYSTEM32\DBGHELP.DLL
0x00007fff80740000 - 0x00007fff80acf000 	C:\WINDOWS\System32\combase.dll
0x00007fff81df0000 - 0x00007fff81ec7000 	C:\WINDOWS\System32\OLEAUT32.dll
0x00007fff6a0a0000 - 0x00007fff6a0d2000 	C:\WINDOWS\SYSTEM32\dbgcore.DLL
0x00007fff7f870000 - 0x00007fff7f8eb000 	C:\WINDOWS\System32\bcryptPrimitives.dll
0x00007fff5f290000 - 0x00007fff5f29e000 	C:\Program Files\Java\jdk-17.0.4.1\bin\instrument.dll
0x00007fff4fcc0000 - 0x00007fff4fce5000 	C:\Program Files\Java\jdk-17.0.4.1\bin\java.dll
0x00007fff2ffe0000 - 0x00007fff300b6000 	C:\Program Files\Java\jdk-17.0.4.1\bin\jsvml.dll
0x00007fff813f0000 - 0x00007fff81c66000 	C:\WINDOWS\System32\SHELL32.dll
0x00007fff7d2b0000 - 0x00007fff7dbb3000 	C:\WINDOWS\SYSTEM32\windows.storage.dll
0x00007fff7d170000 - 0x00007fff7d2af000 	C:\WINDOWS\SYSTEM32\wintypes.dll
0x00007fff81ed0000 - 0x00007fff81fc9000 	C:\WINDOWS\System32\SHCORE.dll
0x00007fff80b30000 - 0x00007fff80b8e000 	C:\WINDOWS\System32\shlwapi.dll
0x00007fff7f2e0000 - 0x00007fff7f30b000 	C:\WINDOWS\SYSTEM32\profapi.dll
0x00007fff4fb00000 - 0x00007fff4fb18000 	C:\Program Files\Java\jdk-17.0.4.1\bin\zip.dll
0x00007fff52670000 - 0x00007fff52689000 	C:\Program Files\Java\jdk-17.0.4.1\bin\net.dll
0x00007fff77ed0000 - 0x00007fff78006000 	C:\WINDOWS\SYSTEM32\WINHTTP.dll
0x00007fff7e910000 - 0x00007fff7e979000 	C:\WINDOWS\system32\mswsock.dll
0x00007fff4fbb0000 - 0x00007fff4fbc6000 	C:\Program Files\Java\jdk-17.0.4.1\bin\nio.dll
0x00007fff4fae0000 - 0x00007fff4fafa000 	C:\Program Files\JetBrains\IntelliJ IDEA 2024.2.1\bin\breakgen64.dll
0x00007fff7df00000 - 0x00007fff7e002000 	C:\WINDOWS\SYSTEM32\DNSAPI.dll
0x00007fff7de90000 - 0x00007fff7debd000 	C:\WINDOWS\SYSTEM32\IPHLPAPI.DLL
0x00007fff7fe30000 - 0x00007fff7fe39000 	C:\WINDOWS\System32\NSI.dll
0x00007fff72440000 - 0x00007fff7244a000 	C:\Windows\System32\rasadhlp.dll
0x00007fff76cc0000 - 0x00007fff76d43000 	C:\WINDOWS\System32\fwpuclnt.dll
0x00007fff5f1a0000 - 0x00007fff5f1a9000 	C:\Program Files\Java\jdk-17.0.4.1\bin\management.dll
0x00007fff5e860000 - 0x00007fff5e86b000 	C:\Program Files\Java\jdk-17.0.4.1\bin\management_ext.dll
0x00007fff7ebb0000 - 0x00007fff7ebcb000 	C:\WINDOWS\SYSTEM32\CRYPTSP.dll
0x00007fff7e400000 - 0x00007fff7e435000 	C:\WINDOWS\system32\rsaenh.dll
0x00007fff7e9b0000 - 0x00007fff7e9d8000 	C:\WINDOWS\SYSTEM32\USERENV.dll
0x00007fff7eb20000 - 0x00007fff7eb2c000 	C:\WINDOWS\SYSTEM32\CRYPTBASE.dll
0x00007fff77c90000 - 0x00007fff77ca9000 	C:\WINDOWS\SYSTEM32\dhcpcsvc6.DLL
0x00007fff77c30000 - 0x00007fff77c4f000 	C:\WINDOWS\SYSTEM32\dhcpcsvc.DLL
0x00007fff62650000 - 0x00007fff62667000 	C:\WINDOWS\system32\napinsp.dll
0x00007fff69740000 - 0x00007fff6975b000 	C:\WINDOWS\system32\pnrpnsp.dll
0x00007fff62060000 - 0x00007fff62071000 	C:\WINDOWS\System32\winrnr.dll
0x00007fff771c0000 - 0x00007fff771d5000 	C:\WINDOWS\system32\wshbth.dll
0x00007fff62620000 - 0x00007fff62647000 	C:\WINDOWS\system32\nlansp_c.dll

dbghelp: loaded successfully - version: 4.0.5 - missing functions: none
symbol engine: initialized successfully - sym options: 0x614 - pdb path: .;C:\Program Files\Java\jdk-17.0.4.1\bin;C:\WINDOWS\SYSTEM32;C:\WINDOWS\WinSxS\amd64_microsoft.windows.common-controls_6595b64144ccf1df_6.0.22621.4391_none_2715d37f73803e96;C:\Program Files\Java\jdk-17.0.4.1\bin\server;C:\Program Files\JetBrains\IntelliJ IDEA 2024.2.1\bin

VM Arguments:
jvm_args: -XX:TieredStopAtLevel=1 -Dspring.output.ansi.enabled=always -Dcom.sun.management.jmxremote -Dspring.jmx.enabled=true -Dspring.liveBeansView.mbeanDomain -Dspring.application.admin.enabled=true -Dmanagement.endpoints.jmx.exposure.include=* -javaagent:C:\Program Files\JetBrains\IntelliJ IDEA 2024.2.1\lib\idea_rt.jar=59838:C:\Program Files\JetBrains\IntelliJ IDEA 2024.2.1\bin -Dfile.encoding=UTF-8 
java_command: com.learning.bank.BankApplication
java_class_path (initial): D:\Java Learning\bank\target\classes;C:\Users\Vera\.m2\repository\org\springframework\boot\spring-boot-starter-web\3.3.5\spring-boot-starter-web-3.3.5.jar;C:\Users\Vera\.m2\repository\org\springframework\boot\spring-boot-starter\3.3.5\spring-boot-starter-3.3.5.jar;C:\Users\Vera\.m2\repository\org\springframework\boot\spring-boot-starter-logging\3.3.5\spring-boot-starter-logging-3.3.5.jar;C:\Users\Vera\.m2\repository\ch\qos\logback\logback-classic\1.5.11\logback-classic-1.5.11.jar;C:\Users\Vera\.m2\repository\ch\qos\logback\logback-core\1.5.11\logback-core-1.5.11.jar;C:\Users\Vera\.m2\repository\org\apache\logging\log4j\log4j-to-slf4j\2.23.1\log4j-to-slf4j-2.23.1.jar;C:\Users\Vera\.m2\repository\org\apache\logging\log4j\log4j-api\2.23.1\log4j-api-2.23.1.jar;C:\Users\Vera\.m2\repository\org\slf4j\jul-to-slf4j\2.0.16\jul-to-slf4j-2.0.16.jar;C:\Users\Vera\.m2\repository\jakarta\annotation\jakarta.annotation-api\2.1.1\jakarta.annotation-api-2.1.1.jar;C:\Users\Vera\.m2\repository\org\yaml\snakeyaml\2.2\snakeyaml-2.2.jar;C:\Users\Vera\.m2\repository\org\springframework\boot\spring-boot-starter-json\3.3.5\spring-boot-starter-json-3.3.5.jar;C:\Users\Vera\.m2\repository\com\fasterxml\jackson\core\jackson-databind\2.17.2\jackson-databind-2.17.2.jar;C:\Users\Vera\.m2\repository\com\fasterxml\jackson\core\jackson-annotations\2.17.2\jackson-annotations-2.17.2.jar;C:\Users\Vera\.m2\repository\com\fasterxml\jackson\core\jackson-core\2.17.2\jackson-core-2.17.2.jar;C:\Users\Vera\.m2\repository\com\fasterxml\jackson\datatype\jackson-datatype-jdk8\2.17.2\jackson-datatype-jdk8-2.17.2.jar;C:\Users\Vera\.m2\repository\com\fasterxml\jackson\datatype\jackson-datatype-jsr310\2.17.2\jackson-datatype-jsr310-2.17.2.jar;C:\Users\Vera\.m2\repository\com\fasterxml\jackson\module\jackson-module-parameter-names\2.17.2\jackson-module-parameter-names-2.17.2.jar;C:\Users\Vera\.m2\repository\org\springframework\boot\spring-boot-starter-tomcat\3.3.5\spring-boot-starter-tomcat
Launcher Type: SUN_STANDARD

[Global flags]
     intx CICompilerCount                          = 4                                         {product} {ergonomic}
     uint ConcGCThreads                            = 3                                         {product} {ergonomic}
     uint G1ConcRefinementThreads                  = 10                                        {product} {ergonomic}
   size_t G1HeapRegionSize                         = 2097152                                   {product} {ergonomic}
    uintx GCDrainStackTargetSize                   = 64                                        {product} {ergonomic}
   size_t InitialHeapSize                          = 266338304                                 {product} {ergonomic}
     bool ManagementServer                         = true                                      {product} {command line}
   size_t MarkStackSize                            = 4194304                                   {product} {ergonomic}
   size_t MaxHeapSize                              = 4242538496                                {product} {ergonomic}
   size_t MaxNewSize                               = 2543845376                                {product} {ergonomic}
   size_t MinHeapDeltaBytes                        = 2097152                                   {product} {ergonomic}
   size_t MinHeapSize                              = 8388608                                   {product} {ergonomic}
    uintx NonProfiledCodeHeapSize                  = 0                                      {pd product} {ergonomic}
     bool ProfileInterpreter                       = false                                  {pd product} {command line}
    uintx ProfiledCodeHeapSize                     = 0                                      {pd product} {ergonomic}
   size_t SoftMaxHeapSize                          = 4242538496                             {manageable} {ergonomic}
     intx TieredStopAtLevel                        = 1                                         {product} {command line}
     bool UseCompressedClassPointers               = true                           {product lp64_product} {ergonomic}
     bool UseCompressedOops                        = true                           {product lp64_product} {ergonomic}
     bool UseG1GC                                  = true                                      {product} {ergonomic}
     bool UseLargePagesIndividualAllocation        = false                                  {pd product} {ergonomic}

Logging:
Log output configuration:
 #0: stdout all=warning uptime,level,tags
 #1: stderr all=off uptime,level,tags

Environment Variables:
JAVA_HOME=C:\developer\java\jdk_8u231
PATH=C:\Program Files\Common Files\Oracle\Java\javapath;C:\Python310\Scripts\;C:\Python310\;C:\Program Files (x86)\Common Files\Oracle\Java\javapath;C:\Windows\system32;C:\Windows;C:\Windows\System32\Wbem;C:\Windows\System32\WindowsPowerShell\v1.0\;C:\Program Files (x86)\NVIDIA Corporation\PhysX\Common;C:\Program Files\Intel\WiFi\bin\;C:\Program Files\Common Files\Intel\WirelessCommon\;C:\Program Files (x86)\Intel\Intel(R) Management Engine Components\DAL;C:\Program Files\Intel\Intel(R) Management Engine Components\DAL;C:\Program Files (x86)\PuTTY\;C:\WINDOWS\system32;C:\WINDOWS;C:\WINDOWS\System32\Wbem;C:\WINDOWS\System32\WindowsPowerShell\v1.0\;C:\WINDOWS\System32\OpenSSH\;%JAVA_HOME%\bin;%GIT_HOME%\cmd;C:\Program Files\dotnet\;C:\Program Files\Microsoft SQL Server\130\Tools\Binn\;C:\Program Files\Microsoft SQL Server\Client SDK\ODBC\170\Tools\Binn\;C:\Program Files (x86)\Microsoft SQL Server\150\Tools\Binn\;C:\Program Files\Microsoft SQL Server\150\Tools\Binn\;C:\Program Files\Microsoft SQL Server\150\DTS\Binn\;C:\Program Files\Azure Data Studio\bin;C:\developer\tools\git\Git\cmd;C:\ProgramData\chocolatey\bin;C:\xampp\php;C:\ProgramData\ComposerSetup\bin;C:\Program Files\nodejs\;C:\Program Files (x86)\Microsoft SQL Server\160\Tools\Binn\;C:\Program Files\Microsoft SQL Server\160\Tools\Binn\;C:\Program Files\Microsoft SQL Server\160\DTS\Binn\;C:\Program Files (x86)\Microsoft SQL Server\160\DTS\Binn\;C:\Users\Vera\AppData\Local\Programs\Microsoft VS Code\bin;C:\Users\Vera\AppData\Local\Microsoft\WindowsApps;C:\Program Files\Azure Data Studio\bin;C:\Program Files\JetBrains\IntelliJ IDEA Community Edition 2021.3\bin;C:\Users\Vera\.dotnet\tools;C:\Users\Vera\AppData\Local\Microsoft\WindowsApps;C:\Users\Vera\AppData\Roaming\Composer\vendor\bin;C:\Users\Vera\AppData\Roaming\npm;C:\Users\Vera\AppData\Local\gitkraken\bin;C:\Users\Vera\.dotnet\tools
USERNAME=Vera
OS=Windows_NT
PROCESSOR_IDENTIFIER=Intel64 Family 6 Model 158 Stepping 10, GenuineIntel



---------------  S Y S T E M  ---------------

OS:
 Windows 11 , 64 bit Build 22621 (10.0.22621.4391)
OS uptime: 1 days 7:16 hours
Hyper-V role detected

CPU: total 12 (initial active 12) (6 cores per cpu, 2 threads per core) family 6 model 158 stepping 10 microcode 0xde, cx8, cmov, fxsr, ht, mmx, 3dnowpref, sse, sse2, sse3, ssse3, sse4.1, sse4.2, popcnt, lzcnt, tsc, tscinvbit, avx, avx2, aes, erms, clmul, bmi1, bmi2, adx, fma, vzeroupper, clflush, clflushopt, hv

Memory: 4k page, system-wide physical 16178M (3446M free)
TotalPageFile size 18226M (AvailPageFile size 4M)
current process WorkingSet (physical memory assigned to process): 62M, peak: 62M
current process commit charge ("private bytes"): 354M, peak: 354M

vm_info: Java HotSpot(TM) 64-Bit Server VM (17.0.4.1+1-LTS-2) for windows-amd64 JRE (17.0.4.1+1-LTS-2), built on Aug 16 2022 18:32:06 by "mach5one" with MS VC++ 16.8 / 16.9 (VS2019)

END.
